[2019-10-10 19:29:51] START
[2019-10-10 19:30:31] EDIT Sist01/models/db.py: -40
[2019-10-10 19:30:46] EDIT Sist01/models/menu.py: -94
[2019-10-10 19:31:10] CREATE despesa.py: 0
[2019-10-10 19:31:18] CREATE equipe.py: 0
[2019-10-10 19:31:27] CREATE produto.py: 0
[2019-10-10 19:31:35] CREATE projeto.py: 0
[2019-10-10 19:31:49] EDIT Sist01/controllers/despesa.py: 66
[2019-10-10 19:32:05] EDIT Sist01/controllers/equipe.py: 38
[2019-10-10 19:32:15] EDIT Sist01/controllers/produto.py: 149
[2019-10-10 19:32:28] EDIT Sist01/controllers/projeto.py: 33
[2019-10-10 19:33:54] EDIT Sist01/models/db.py: 176
[2019-10-10 19:34:29] CREATE projeto/listar_projetos.html: 0
[2019-10-10 19:34:57] EDIT Sist01/views/projeto/listar_projetos.html: 34
[2019-10-10 19:35:14] CREATE projeto/criar_projeto.html: 0
[2019-10-10 19:35:28] EDIT Sist01/views/projeto/criar_projeto.html: 11
[2019-10-10 19:36:29] EDIT Sist01/controllers/projeto.py: 0
[2019-10-10 19:39:15] EDIT Sist01/models/menu.py: 0
[2019-10-10 19:40:10] EDIT Sist01/views/projeto/listar_projetos.html: -32
[2019-10-10 19:40:18] EDIT Sist01/views/projeto/listar_projetos.html: 32
[2019-10-10 19:41:40] EDIT Sist01/views/projeto/listar_projetos.html: -2
[2019-10-10 19:42:33] EDIT Sist01/views/projeto/listar_projetos.html: -27
[2019-10-10 19:42:56] EDIT Sist01/views/projeto/listar_projetos.html: 28
[2019-10-10 19:43:29] EDIT Sist01/views/projeto/listar_projetos.html: -9
[2019-10-10 19:45:20] EDIT Sist01/views/projeto/listar_projetos.html: 9
[2019-10-10 19:47:11] EDIT Sist01/views/projeto/listar_projetos.html: 1
[2019-10-10 19:47:38] CREATE projeto/alterar_projeto.html: 0
[2019-10-10 19:47:55] EDIT Sist01/views/projeto/alterar_projeto.html: 13
[2019-10-10 19:48:27] CREATE projeto/acesso_geral.html: 0
[2019-10-10 19:48:40] EDIT Sist01/views/projeto/acesso_geral.html: 32
[2019-10-10 19:48:56] CREATE projeto/prestacao_venda.html: 0
[2019-10-10 19:49:12] EDIT Sist01/views/projeto/prestacao_venda.html: 149
[2019-10-10 19:50:59] EDIT Sist01/views/projeto/prestacao_venda.html: -104
[2019-10-10 19:51:29] EDIT Sist01/views/projeto/prestacao_venda.html: -29
[2019-10-10 19:51:42] EDIT Sist01/views/projeto/prestacao_venda.html: 5
[2019-10-10 19:51:56] EDIT Sist01/views/projeto/prestacao_venda.html: 5
[2019-10-10 19:52:20] EDIT Sist01/views/projeto/prestacao_venda.html: 10
[2019-10-10 19:52:38] EDIT Sist01/views/projeto/prestacao_venda.html: 10
[2019-10-10 19:53:01] EDIT Sist01/views/projeto/prestacao_venda.html: 103
[2019-10-10 19:53:13] EDIT Sist01/views/projeto/prestacao_venda.html: -109
[2019-10-10 19:53:28] EDIT Sist01/views/projeto/prestacao_venda.html: -3
[2019-10-10 19:54:08] EDIT Sist01/views/projeto/prestacao_venda.html: 112
[2019-10-10 19:55:16] EDIT Sist01/views/projeto/prestacao_venda.html: 0
[2019-10-10 19:55:32] EDIT Sist01/views/projeto/prestacao_venda.html: 0
[2019-10-10 19:55:44] EDIT Sist01/views/projeto/prestacao_venda.html: 0
[2019-10-10 19:55:58] CREATE produto/listar_merc_envio.html: 0
[2019-10-10 19:56:18] EDIT Sist01/views/produto/listar_merc_envio.html: 52
[2019-10-10 19:56:40] CREATE produto/inserir_merc_envio.html: 0
[2019-10-10 19:56:51] EDIT Sist01/views/produto/inserir_merc_envio.html: 11
[2019-10-10 19:59:00] EDIT Sist01/controllers/produto.py: 0
[2019-10-10 19:59:24] EDIT Sist01/models/db.py: 0
[2019-10-10 19:59:59] EDIT Sist01/controllers/produto.py: 0
[2019-10-10 20:00:18] CREATE produto/subir_dados_mercadoria_envio.html: 0
[2019-10-10 20:00:33] EDIT Sist01/views/produto/subir_dados_mercadoria_envio.html: 11
[2019-10-10 20:01:26] CREATE produto/alterar_merc_envio.html: 0
[2019-10-10 20:01:39] EDIT Sist01/views/produto/alterar_merc_envio.html: 11
[2019-10-10 20:02:50] CREATE equipe/listar_vendedores_inicial.html: 0
[2019-10-10 20:03:08] EDIT Sist01/views/equipe/listar_vendedores_inicial.html: 36
[2019-10-10 20:03:31] CREATE equipe/inserir_vendedor.html: 0
[2019-10-10 20:03:42] EDIT Sist01/views/equipe/inserir_vendedor.html: 11
[2019-10-10 20:04:39] CREATE equipe/alterar_vendedor_inicial.html: 0
[2019-10-10 20:04:51] EDIT Sist01/views/equipe/alterar_vendedor_inicial.html: 11
[2019-10-10 20:06:10] CREATE despesa/listar_despesa_venda.html: 0
[2019-10-10 20:06:24] EDIT Sist01/views/despesa/listar_despesa_venda.html: 39
[2019-10-10 20:06:47] CREATE despesa/inserir_despesa_venda.html: 0
[2019-10-10 20:06:56] EDIT Sist01/views/despesa/inserir_despesa_venda.html: 11
[2019-10-10 20:07:51] CREATE despesa/alterar_despesa_venda.html: 0
[2019-10-10 20:08:06] EDIT Sist01/views/despesa/alterar_despesa_venda.html: 11
[2019-10-10 20:09:48] EDIT Sist01/controllers/despesa.py: 0
[2019-10-10 20:10:05] CREATE despesa/subir_dados_despesa_venda.html: 0
[2019-10-10 20:10:23] EDIT Sist01/views/despesa/subir_dados_despesa_venda.html: 11
[2019-10-10 20:15:58] CREATE produto/listar_merc_retorno.html: 0
[2019-10-10 20:16:15] EDIT Sist01/views/produto/listar_merc_retorno.html: 11
[2019-10-10 20:16:50] EDIT Sist01/controllers/produto.py: 0
[2019-10-10 20:17:10] EDIT Sist01/controllers/produto.py: 0
[2019-10-10 20:18:06] EDIT Sist01/views/produto/listar_merc_retorno.html: 41
[2019-10-10 20:18:28] CREATE produto/inserir_merc_retorno.html: 0
[2019-10-10 20:18:39] EDIT Sist01/views/produto/inserir_merc_retorno.html: 11
[2019-10-10 20:19:36] CREATE produto/alterar_merc_retorno.html: 0
[2019-10-10 20:19:46] EDIT Sist01/views/produto/alterar_merc_retorno.html: 11
[2019-10-10 20:20:56] EDIT Sist01/controllers/produto.py: 0
[2019-10-10 20:21:07] EDIT Sist01/controllers/produto.py: 0
[2019-10-10 20:21:26] CREATE produto/subir_dados_mercadoria_retorno.html: 0
[2019-10-10 20:21:37] EDIT Sist01/views/produto/subir_dados_mercadoria_retorno.html: 11
[2019-10-10 20:22:38] CREATE equipe/listar_funcionario.html: 0
[2019-10-10 20:22:48] EDIT Sist01/views/equipe/listar_funcionario.html: 48
[2019-10-10 20:26:37] EDIT Sist01/views/projeto/prestacao_venda.html: 0
[2019-10-10 20:29:25] EDIT Sist01/models/db.py: 0
[2019-10-10 20:33:21] EDIT Sist01/views/projeto/prestacao_venda.html: 0
[2019-10-10 20:34:18] EDIT Sist01/controllers/equipe.py: 4
[2019-10-10 20:34:37] CREATE equipe/listar_vendedores_venda.html: 0
[2019-10-10 20:35:21] EDIT Sist01/views/equipe/listar_vendedores_venda.html: 36
[2019-10-10 20:38:00] EDIT Sist01/views/equipe/listar_vendedores_venda.html: 8
[2019-10-10 20:42:08] EDIT Sist01/views/equipe/listar_vendedores_venda.html: 6
[2019-10-10 20:42:53] EDIT Sist01/views/equipe/listar_vendedores_venda.html: -9
[2019-10-10 20:43:10] EDIT Sist01/views/equipe/listar_vendedores_venda.html: 2
[2019-10-10 20:43:27] EDIT Sist01/views/equipe/listar_vendedores_venda.html: 3
[2019-10-10 20:43:46] EDIT Sist01/views/equipe/listar_vendedores_venda.html: 2
[2019-10-10 20:44:21] EDIT Sist01/views/equipe/listar_vendedores_venda.html: 1
[2019-10-10 20:44:46] EDIT Sist01/models/db.py: 0
[2019-10-10 20:48:55] EDIT Sist01/views/equipe/listar_vendedores_venda.html: 12
[2019-10-10 20:50:39] EDIT Sist01/views/equipe/listar_vendedores_venda.html: 4
[2019-10-10 20:51:25] EDIT Sist01/views/equipe/listar_vendedores_venda.html: 1
[2019-10-10 20:51:37] EDIT Sist01/views/equipe/listar_vendedores_venda.html: -9
[2019-10-10 20:51:56] EDIT Sist01/views/equipe/listar_vendedores_venda.html: -8
[2019-10-10 21:04:59] EDIT Sist01/views/equipe/listar_vendedores_venda.html: 16
[2019-10-10 21:06:05] EDIT Sist01/views/equipe/listar_vendedores_venda.html: -23
[2019-10-10 21:07:09] EDIT Sist01/views/equipe/listar_vendedores_venda.html: -1
[2019-10-10 21:07:53] EDIT Sist01/views/equipe/listar_vendedores_venda.html: 10
[2019-10-10 21:09:10] EDIT Sist01/views/equipe/listar_vendedores_venda.html: 13
[2019-10-10 21:09:25] EDIT Sist01/views/equipe/listar_vendedores_venda.html: -3
[2019-10-10 21:09:35] EDIT Sist01/views/equipe/listar_vendedores_venda.html: 0
[2019-10-10 21:10:05] EDIT Sist01/views/equipe/listar_vendedores_venda.html: -3
[2019-10-10 21:10:46] EDIT Sist01/views/equipe/listar_vendedores_venda.html: 4
[2019-10-10 21:10:58] EDIT Sist01/views/equipe/listar_vendedores_venda.html: -1
[2019-10-10 21:11:29] EDIT Sist01/views/equipe/listar_vendedores_venda.html: 3
[2019-10-10 21:11:49] EDIT Sist01/views/equipe/listar_vendedores_venda.html: -2
[2019-10-10 21:12:18] EDIT Sist01/views/equipe/listar_vendedores_venda.html: 1
[2019-10-10 21:13:36] EDIT Sist01/views/equipe/listar_vendedores_venda.html: 1
[2019-10-10 21:14:00] EDIT Sist01/views/equipe/listar_vendedores_venda.html: -1
[2019-10-10 21:15:37] EDIT Sist01/views/equipe/listar_vendedores_venda.html: 3
[2019-10-10 21:16:05] EDIT Sist01/views/equipe/listar_vendedores_venda.html: 1
[2019-10-10 21:16:45] EDIT Sist01/controllers/projeto.py: 0
[2019-10-10 21:17:59] EDIT Sist01/controllers/equipe.py: 16
[2019-10-10 21:18:25] CREATE equipe/alterar_vendedor_venda.html: 0
[2019-10-10 21:18:45] EDIT Sist01/views/equipe/alterar_vendedor_venda.html: 11
[2019-10-10 21:19:06] EDIT Sist01/views/equipe/alterar_vendedor_venda.html: 0
[2019-10-10 21:21:05] EDIT Sist01/controllers/equipe.py: 10
[2019-10-10 21:22:17] EDIT Sist01/controllers/equipe.py: 0
[2019-10-10 21:26:05] EDIT Sist01/models/db.py: 0
[2019-10-10 21:26:45] EDIT Sist01/models/db.py: 0
[2019-10-10 21:27:20] EDIT Sist01/models/db.py: -1
[2019-10-10 21:28:46] EDIT Sist01/views/equipe/listar_vendedores_venda.html: 0
[2019-10-10 21:29:12] EDIT Sist01/views/equipe/listar_vendedores_venda.html: 0
[2019-10-10 21:30:44] EDIT Sist01/views/equipe/listar_vendedores_venda.html: 3
[2019-10-10 21:34:12] EDIT Sist01/views/equipe/listar_vendedores_venda.html: 0
[2019-10-10 21:34:33] EDIT Sist01/views/equipe/listar_vendedores_venda.html: 0
[2019-10-10 21:47:33] EDIT Sist01/controllers/equipe.py: 37
[2019-10-10 21:47:50] EDIT Sist01/controllers/equipe.py: 0
[2019-10-10 21:48:27] EDIT Sist01/controllers/equipe.py: 0
[2019-10-10 21:48:29] EDIT Sist01/controllers/equipe.py: 0
[2019-10-10 21:49:59] EDIT Sist01/controllers/equipe.py: -10
[2019-10-10 21:50:25] EDIT Sist01/controllers/equipe.py: 0
[2019-10-10 21:50:32] EDIT Sist01/controllers/equipe.py: 0
[2019-10-10 21:50:44] EDIT Sist01/controllers/equipe.py: 0
[2019-10-10 21:51:10] EDIT Sist01/controllers/equipe.py: 0
[2019-10-10 21:51:41] EDIT Sist01/controllers/equipe.py: -14
[2019-10-10 22:19:05] EDIT Sist01/controllers/equipe.py: 2
[2019-10-10 22:19:38] EDIT Sist01/controllers/equipe.py: -15
[2019-10-10 22:23:19] EDIT Sist01/controllers/equipe.py: 6
[2019-10-10 22:23:34] EDIT Sist01/controllers/equipe.py: 0
[2019-10-10 22:23:57] EDIT Sist01/controllers/equipe.py: -6
[2019-10-10 22:24:11] EDIT Sist01/controllers/equipe.py: 1
[2019-10-10 22:25:27] EDIT Sist01/controllers/equipe.py: 0
[2019-10-10 22:25:47] EDIT Sist01/controllers/equipe.py: -1
[2019-10-10 22:26:35] EDIT Sist01/controllers/equipe.py: 0
[2019-10-10 22:27:12] CREATE equipe/subir_dados_vendedor_venda.html: 0
[2019-10-10 22:28:09] EDIT Sist01/views/equipe/subir_dados_vendedor_venda.html: 11
[2019-10-10 22:28:48] EDIT Sist01/views/equipe/subir_dados_vendedor_venda.html: 0
[2019-10-10 22:30:05] EDIT Sist01/controllers/equipe.py: 1
[2019-10-10 22:30:55] EDIT Sist01/controllers/equipe.py: -1
[2019-10-10 22:33:06] EDIT Sist01/controllers/equipe.py: 0
[2019-10-10 22:34:56] EDIT Sist01/models/db.py: 0
[2019-10-10 22:36:33] EDIT Sist01/views/equipe/listar_vendedores_venda.html: 0
[2019-10-10 22:37:28] EDIT Sist01/views/equipe/listar_vendedores_venda.html: -1
[2019-10-10 22:38:46] EDIT Sist01/views/equipe/listar_vendedores_venda.html: 0
[2019-10-10 22:40:04] EDIT Sist01/views/equipe/listar_vendedores_venda.html: -19
[2019-10-10 22:40:46] EDIT Sist01/views/equipe/listar_vendedores_venda.html: 6
[2019-10-10 22:42:06] EDIT Sist01/views/equipe/listar_vendedores_venda.html: -2
[2019-10-10 22:42:21] EDIT Sist01/views/equipe/listar_vendedores_venda.html: -2
[2019-10-10 22:43:24] EDIT Sist01/views/equipe/listar_vendedores_venda.html: 17
[2019-10-10 22:44:39] EDIT Sist01/views/equipe/listar_vendedores_venda.html: 0
[2019-10-10 22:45:17] EDIT Sist01/models/db.py: 0
[2019-10-10 22:46:20] EDIT Sist01/models/db.py: 0
[2019-10-10 22:47:21] EDIT Sist01/views/equipe/listar_vendedores_venda.html: 0
[2019-10-10 22:48:02] EDIT Sist01/views/equipe/listar_vendedores_venda.html: 0
[2019-10-10 22:49:05] EDIT Sist01/controllers/equipe.py: 14
[2019-10-10 22:49:34] EDIT Sist01/controllers/equipe.py: 0
[2019-10-10 22:49:52] EDIT Sist01/controllers/equipe.py: 0
[2019-10-10 22:50:09] EDIT Sist01/controllers/equipe.py: 0
[2019-10-10 22:50:39] EDIT Sist01/controllers/equipe.py: 0
[2019-10-10 22:52:10] EDIT Sist01/controllers/equipe.py: 0
[2019-10-10 22:52:39] EDIT Sist01/controllers/equipe.py: 0
[2019-10-10 22:53:53] EDIT Sist01/controllers/equipe.py: 0
[2019-10-10 22:54:07] EDIT Sist01/controllers/equipe.py: 0
[2019-10-10 22:54:17] EDIT Sist01/controllers/equipe.py: 0
[2019-10-10 22:54:32] EDIT Sist01/controllers/equipe.py: 0
[2019-10-10 22:55:30] EDIT Sist01/controllers/equipe.py: 0
[2019-10-10 22:56:06] EDIT Sist01/controllers/equipe.py: 0
[2019-10-10 22:56:12] EDIT Sist01/controllers/equipe.py: 0
[2019-10-10 22:56:18] EDIT Sist01/controllers/equipe.py: 0
[2019-10-10 22:56:32] EDIT Sist01/controllers/equipe.py: 0
[2019-10-10 22:56:53] EDIT Sist01/controllers/equipe.py: 0
[2019-10-10 22:57:29] EDIT Sist01/controllers/equipe.py: 0
[2019-10-10 22:57:46] EDIT Sist01/controllers/equipe.py: 0
[2019-10-10 22:57:58] EDIT Sist01/controllers/equipe.py: 0
[2019-10-10 22:58:05] EDIT Sist01/controllers/equipe.py: 0
[2019-10-10 22:58:07] EDIT Sist01/controllers/equipe.py: 0
[2019-10-10 22:58:46] EDIT Sist01/controllers/equipe.py: 1
[2019-10-11 00:58:47] EDIT Sist01/controllers/equipe.py: -2
[2019-10-11 01:00:18] EDIT Sist01/controllers/equipe.py: 0
[2019-10-11 01:00:35] EDIT Sist01/controllers/equipe.py: 0
[2019-10-11 01:02:24] EDIT Sist01/controllers/equipe.py: 15
[2019-10-11 01:03:32] EDIT Sist01/controllers/equipe.py: 0
[2019-10-11 01:10:41] CREATE equipe/inserir_funcionario_venda.html: 0
[2019-10-11 01:11:45] EDIT Sist01/views/equipe/inserir_funcionario_venda.html: 11
[2019-10-11 01:12:59] EDIT Sist01/controllers/equipe.py: 0
[2019-10-11 01:13:04] EDIT Sist01/views/equipe/inserir_funcionario_venda.html: 0
[2019-10-11 01:15:17] EDIT Sist01/views/equipe/listar_funcionario.html: -23
[2019-10-11 01:16:11] EDIT Sist01/views/equipe/listar_funcionario.html: 23
[2019-10-11 01:17:55] EDIT Sist01/views/equipe/listar_funcionario.html: 0
[2019-10-11 01:23:22] EDIT Sist01/views/equipe/listar_funcionario.html: 0
[2019-10-11 01:24:15] EDIT Sist01/views/equipe/listar_funcionario.html: -1
[2019-10-11 01:25:19] EDIT Sist01/views/equipe/listar_funcionario.html: -9
[2019-10-11 01:25:51] EDIT Sist01/views/equipe/listar_funcionario.html: 6
[2019-10-11 01:26:11] EDIT Sist01/views/equipe/listar_funcionario.html: 1
[2019-10-11 01:27:37] EDIT Sist01/views/equipe/listar_funcionario.html: 3
[2019-10-11 01:28:29] EDIT Sist01/models/db.py: 1
[2019-10-11 01:30:11] EDIT Sist01/models/db.py: 0
[2019-10-11 01:30:46] EDIT Sist01/views/equipe/listar_funcionario.html: 1
[2019-10-11 01:32:51] EDIT Sist01/views/equipe/listar_funcionario.html: 4
[2019-10-11 01:33:10] EDIT Sist01/views/equipe/listar_funcionario.html: 0
[2019-10-11 01:33:37] EDIT Sist01/views/equipe/listar_funcionario.html: 0
[2019-10-11 01:36:10] EDIT Sist01/controllers/equipe.py: 16
[2019-10-11 01:36:29] CREATE equipe/alterar_funcionario_venda.html: 0
[2019-10-11 01:37:22] EDIT Sist01/views/equipe/alterar_funcionario_venda.html: 11
[2019-10-11 01:41:22] EDIT Sist01/views/equipe/listar_funcionario.html: 0
[2019-10-11 01:43:37] EDIT Sist01/controllers/equipe.py: 20
[2019-10-11 01:43:45] EDIT Sist01/controllers/equipe.py: 0
[2019-10-11 01:44:30] CREATE subir_dados_funcionario_venda.html: 0
[2019-10-11 01:45:15] EDIT Sist01/views/subir_dados_funcionario_venda.html: 11
[2019-10-11 01:45:34] EDIT Sist01/views/subir_dados_funcionario_venda.html: 0
[2019-10-11 01:46:13] EDIT Sist01/views/subir_dados_funcionario_venda.html: 0
[2019-10-11 01:46:37] EDIT Sist01/views/subir_dados_funcionario_venda.html: 0
[2019-10-11 01:50:44] CREATE equipe/subir_dados_funcionario_venda.html: 0
[2019-10-11 01:51:16] EDIT Sist01/views/equipe/subir_dados_funcionario_venda.html: 11
[2019-10-11 01:53:59] EDIT Sist01/controllers/equipe.py: 6
[2019-10-11 01:55:29] EDIT Sist01/controllers/equipe.py: 0
[2019-10-11 01:56:09] EDIT Sist01/controllers/equipe.py: 0
[2019-10-11 01:57:13] EDIT Sist01/views/equipe/listar_funcionario.html: 0
[2019-10-11 01:58:27] EDIT Sist01/views/equipe/listar_funcionario.html: 0
[2019-10-11 02:03:24] EDIT Sist01/views/projeto/prestacao_venda.html: 0
[2019-10-11 02:04:26] EDIT Sist01/views/projeto/prestacao_venda.html: -1
[2019-10-11 02:06:10] EDIT Sist01/views/projeto/prestacao_venda.html: 1
[2019-10-11 02:09:22] EDIT Sist01/controllers/equipe.py: 0
[2019-10-11 02:11:43] EDIT Sist01/controllers/equipe.py: 12
[2019-10-11 02:12:47] EDIT Sist01/controllers/equipe.py: 0
[2019-10-11 02:16:57] EDIT Sist01/views/projeto/prestacao_venda.html: 1
[2019-10-11 02:17:47] EDIT Sist01/views/projeto/prestacao_venda.html: 0
[2019-10-11 02:22:57] EDIT Sist01/views/projeto/prestacao_venda.html: 1
[2019-10-11 02:23:03] EDIT Sist01/views/projeto/prestacao_venda.html: 0
[2019-10-11 02:23:11] EDIT Sist01/views/projeto/prestacao_venda.html: 0
[2019-10-11 02:23:29] EDIT Sist01/views/projeto/prestacao_venda.html: 0
[2019-10-11 02:27:01] EDIT Sist01/views/projeto/prestacao_venda.html: 0
[2019-10-11 02:28:57] EDIT Sist01/models/db.py: 0
[2019-10-11 02:29:27] EDIT Sist01/views/projeto/prestacao_venda.html: 0
[2019-10-11 02:30:16] EDIT Sist01/controllers/equipe.py: 0
[2019-10-11 02:30:56] EDIT Sist01/controllers/equipe.py: 0
[2019-10-11 02:32:06] EDIT Sist01/controllers/equipe.py: 0
[2019-10-11 02:32:30] EDIT Sist01/controllers/equipe.py: 0
[2019-10-11 02:33:59] EDIT Sist01/controllers/equipe.py: 0
[2019-10-11 02:36:28] EDIT Sist01/views/projeto/prestacao_venda.html: 1
[2019-10-11 02:38:20] EDIT Sist01/controllers/projeto.py: 12
[2019-10-11 02:39:03] CREATE projeto/info_venda.html: 0
[2019-10-11 02:40:44] EDIT Sist01/views/projeto/info_venda.html: 12
[2019-10-11 02:44:00] EDIT Sist01/models/db.py: 2
[2019-10-11 02:44:12] EDIT Sist01/models/db.py: 0
[2019-10-11 02:44:52] EDIT Sist01/models/db.py: 0
[2019-10-11 02:45:57] EDIT Sist01/controllers/projeto.py: 4
[2019-10-11 02:46:24] EDIT Sist01/controllers/projeto.py: -2
[2019-10-11 02:46:49] EDIT Sist01/models/db.py: 0
[2019-10-11 02:47:17] EDIT Sist01/controllers/projeto.py: 0
[2019-10-11 02:48:02] EDIT Sist01/controllers/projeto.py: 0
[2019-10-11 02:48:29] EDIT Sist01/controllers/projeto.py: 0
[2019-10-11 02:49:05] EDIT Sist01/controllers/projeto.py: 0
[2019-10-11 02:49:28] EDIT Sist01/models/db.py: 0
[2019-10-11 02:50:23] EDIT Sist01/views/projeto/prestacao_venda.html: 0
[2019-10-11 02:50:44] EDIT Sist01/views/projeto/prestacao_venda.html: 0
[2019-10-11 02:51:34] EDIT Sist01/views/projeto/prestacao_venda.html: 0
[2019-10-11 02:53:53] EDIT Sist01/views/projeto/prestacao_venda.html: 2
[2019-10-11 02:56:37] EDIT Sist01/views/projeto/prestacao_venda.html: 2
[2019-10-11 02:57:55] EDIT Sist01/views/projeto/prestacao_venda.html: -7
[2019-10-11 02:59:04] EDIT Sist01/views/projeto/prestacao_venda.html: 7
[2019-10-11 02:59:35] EDIT Sist01/views/projeto/info_venda.html: 0
[2019-10-11 02:59:44] EDIT Sist01/views/projeto/alterar_projeto.html: 0
[2019-10-11 03:05:44] EDIT Sist01/views/projeto/prestacao_venda.html: 0
[2019-10-11 03:06:09] EDIT Sist01/views/projeto/prestacao_venda.html: 0
[2019-10-11 03:07:44] EDIT Sist01/views/projeto/prestacao_venda.html: 1
[2019-10-11 03:08:07] EDIT Sist01/views/projeto/prestacao_venda.html: 0
[2019-10-11 03:08:36] EDIT Sist01/views/projeto/prestacao_venda.html: 0
[2019-10-11 03:09:15] EDIT Sist01/views/projeto/prestacao_venda.html: 0
[2019-10-11 09:20:07] EDIT Sist01/models/db.py: 0
[2019-10-11 09:23:33] EDIT Sist01/models/db.py: 0
[2019-10-11 09:27:48] EDIT Sist01/models/db.py: 0
[2019-10-11 09:33:45] EDIT Sist01/models/db.py: 0
[2019-10-11 09:43:56] EDIT Sist01/controllers/equipe.py: 0
[2019-10-11 09:44:23] EDIT Sist01/controllers/equipe.py: 0
[2019-10-11 10:11:22] EDIT Sist01/views/projeto/prestacao_venda.html: 0
[2019-10-11 10:13:06] EDIT Sist01/controllers/projeto.py: 0
[2019-10-11 13:13:42] EDIT Sist01/views/layout.html: -3
[2019-10-11 13:14:09] EDIT Sist01/views/layout.html: -3
[2019-10-11 13:25:09] EDIT Sist01/views/layout.html: 1
[2019-10-11 13:26:15] UPLOAD /home/rogoberto/web2py/applications/Sist01/static/images/1.png: 29
[2019-10-11 13:27:26] EDIT Sist01/views/layout.html: 1
[2019-10-11 13:27:58] EDIT Sist01/views/layout.html: -2
[2019-10-11 13:37:56] EDIT Sist01/views/layout.html: 0
[2019-10-11 13:38:21] EDIT Sist01/views/layout.html: 0
[2019-10-11 13:38:42] EDIT Sist01/views/layout.html: 0
[2019-10-11 13:38:54] EDIT Sist01/views/layout.html: 0
[2019-10-11 13:40:59] EDIT Sist01/views/layout.html: 0
[2019-10-11 13:41:38] EDIT Sist01/views/layout.html: 0
[2019-10-11 13:42:20] EDIT Sist01/views/layout.html: 0
[2019-10-11 13:42:23] EDIT Sist01/views/layout.html: 0
[2019-10-11 13:42:48] EDIT Sist01/views/layout.html: 0
[2019-10-11 13:43:49] EDIT Sist01/views/layout.html: 0
[2019-10-11 13:44:11] EDIT Sist01/views/layout.html: 0
[2019-10-11 13:45:34] EDIT Sist01/views/layout.html: 0
[2019-10-11 13:50:04] EDIT Sist01/views/default/index.html: -37
[2019-10-11 13:50:30] EDIT Sist01/views/default/index.html: 3
[2019-10-11 14:09:12] EDIT Sist01/views/default/index.html: 97
[2019-10-11 14:11:01] EDIT Sist01/views/default/index.html: 0
[2019-10-11 14:12:34] EDIT Sist01/views/default/index.html: 1
[2019-10-11 14:13:13] EDIT Sist01/views/default/index.html: 0
[2019-10-11 14:13:41] EDIT Sist01/views/default/index.html: 1
[2019-10-11 14:15:05] EDIT Sist01/views/default/index.html: 0
[2019-10-11 14:16:13] EDIT Sist01/views/default/index.html: -1
[2019-10-11 14:16:38] EDIT Sist01/views/default/index.html: 0
[2019-10-11 14:17:13] UPLOAD /home/rogoberto/web2py/applications/Sist01/static/images/2.png: 1172
[2019-10-11 14:17:39] UPLOAD /home/rogoberto/web2py/applications/Sist01/static/images/3.png: 4308
[2019-10-11 14:18:08] UPLOAD /home/rogoberto/web2py/applications/Sist01/static/images/4.png: 4089
[2019-10-11 14:18:25] UPLOAD /home/rogoberto/web2py/applications/Sist01/static/images/5.png: 98
[2019-10-11 14:28:15] EDIT Sist01/views/default/index.html: 0
[2019-10-11 14:31:00] EDIT Sist01/views/default/index.html: 9
[2019-10-11 14:32:41] EDIT Sist01/views/default/index.html: -7
[2019-10-11 14:36:46] EDIT Sist01/views/layout.html: 0
[2019-10-11 14:45:21] EDIT Sist01/views/default/index.html: 1
[2019-10-11 14:47:17] EDIT Sist01/views/default/index.html: 4
[2019-10-11 14:48:41] EDIT Sist01/views/default/index.html: 3
[2019-10-11 14:50:28] EDIT Sist01/views/default/index.html: 0
[2019-10-11 15:00:27] EDIT Sist01/views/default/index.html: -2
[2019-10-11 15:00:38] EDIT Sist01/views/default/index.html: 0
[2019-10-11 15:01:23] EDIT Sist01/views/default/index.html: 1
[2019-10-11 15:01:50] EDIT Sist01/views/default/index.html: -6
[2019-10-11 15:05:01] EDIT Sist01/views/default/index.html: -1
[2019-10-11 15:07:26] EDIT Sist01/views/default/index.html: 0
[2019-10-11 15:07:35] EDIT Sist01/views/default/index.html: 1
[2019-10-11 15:07:52] EDIT Sist01/views/default/index.html: 0
[2019-10-11 15:08:10] EDIT Sist01/controllers/default.py: -1
[2019-10-11 15:09:22] EDIT Sist01/views/default/index.html: 2
[2019-10-11 15:11:29] EDIT Sist01/views/default/index.html: 8
[2019-10-11 15:11:48] EDIT Sist01/views/default/index.html: -8
[2019-10-11 17:44:40] DELETE Sist01/views/subir_dados_funcionario_venda.html: -14
[2019-10-11 17:47:56] EDIT Sist01/views/default/index.html: 8
[2019-10-11 17:48:24] EDIT Sist01/views/default/index.html: 0
[2019-10-11 17:48:36] EDIT Sist01/views/default/index.html: -1
[2019-10-11 17:49:21] EDIT Sist01/views/default/index.html: 1
[2019-10-11 17:51:01] EDIT Sist01/views/default/index.html: 0
[2019-10-11 17:52:07] EDIT Sist01/views/default/index.html: 0
[2019-10-11 17:53:48] EDIT Sist01/views/default/index.html: 1
[2019-10-11 17:54:42] EDIT Sist01/views/default/index.html: 0
[2019-10-11 17:55:14] EDIT Sist01/views/default/index.html: 0
[2019-10-11 17:59:15] EDIT Sist01/views/default/index.html: 0
[2019-10-11 18:00:43] EDIT Sist01/views/default/index.html: 0
[2019-10-11 18:01:13] UPLOAD /home/rogoberto/web2py/applications/Sist01/static/images/6.jpg: 134
[2019-10-11 18:01:43] EDIT Sist01/views/default/index.html: 0
[2019-10-11 18:02:50] UPLOAD /home/rogoberto/web2py/applications/Sist01/static/images/6.jpg: 31
[2019-10-11 18:03:54] EDIT Sist01/views/default/index.html: -1
[2019-10-11 18:04:38] EDIT Sist01/views/default/index.html: 1
[2019-10-11 18:05:18] EDIT Sist01/views/default/index.html: 0
[2019-10-11 18:05:53] EDIT Sist01/views/default/index.html: 0
[2019-10-11 18:06:17] EDIT Sist01/views/default/index.html: 0
[2019-10-11 18:06:41] EDIT Sist01/views/default/index.html: 0
[2019-10-11 18:06:56] EDIT Sist01/views/default/index.html: 0
[2019-10-11 18:07:22] EDIT Sist01/views/default/index.html: 0
[2019-10-11 18:07:47] EDIT Sist01/views/default/index.html: 0
[2019-10-11 18:08:03] EDIT Sist01/views/default/index.html: 0
[2019-10-11 18:08:29] EDIT Sist01/views/default/index.html: 0
[2019-10-11 18:09:23] EDIT Sist01/views/default/index.html: 1
[2019-10-11 18:09:55] EDIT Sist01/views/default/index.html: -1
[2019-10-12 02:09:25] EDIT Sist01/views/default/index.html: 1
[2019-10-12 02:10:53] EDIT Sist01/views/default/index.html: 0
[2019-10-12 02:13:16] EDIT Sist01/views/default/index.html: 0
[2019-10-12 02:15:54] EDIT Sist01/views/default/index.html: 1
[2019-10-12 02:17:44] EDIT Sist01/views/default/index.html: -1
[2019-10-12 02:18:05] EDIT Sist01/views/default/index.html: 0
[2019-10-12 02:25:01] EDIT Sist01/views/default/index.html: 1
[2019-10-12 02:26:47] EDIT Sist01/views/default/index.html: 0
[2019-10-12 02:29:25] EDIT Sist01/views/default/index.html: 0
[2019-10-12 02:29:37] EDIT Sist01/views/default/index.html: 0
[2019-10-12 02:29:47] EDIT Sist01/views/default/index.html: 0
[2019-10-12 02:36:44] EDIT Sist01/views/default/index.html: 0
[2019-10-12 02:38:56] EDIT Sist01/views/default/index.html: 1
[2019-10-12 02:39:03] EDIT Sist01/views/default/index.html: 0
[2019-10-12 02:46:17] EDIT Sist01/views/default/index.html: 0
[2019-10-12 02:47:04] EDIT Sist01/views/default/index.html: 0
[2019-10-12 02:47:59] EDIT Sist01/views/default/index.html: 0
[2019-10-12 02:48:44] EDIT Sist01/views/default/index.html: -1
[2019-10-12 02:49:28] EDIT Sist01/views/default/index.html: 1
[2019-10-12 02:50:19] EDIT Sist01/views/default/index.html: -6
[2019-10-12 02:53:19] EDIT Sist01/views/projeto/prestacao_venda.html: 0
[2019-10-12 02:55:28] EDIT Sist01/views/projeto/prestacao_venda.html: 0
[2019-10-12 03:24:45] EDIT Sist01/views/default/index.html: -1
[2019-10-12 03:25:03] EDIT Sist01/views/default/index.html: -1
[2019-10-15 14:27:47] EDIT Sist01/views/projeto/acesso_geral.html: 0
[2019-10-15 14:28:17] EDIT Sist01/controllers/projeto.py: 3
[2019-10-15 14:28:50] CREATE projeto/relatorio_investimento.html: 0
[2019-10-15 14:39:51] EDIT Sist01/views/projeto/relatorio_investimento.html: 31
[2019-10-15 14:41:20] EDIT Sist01/views/projeto/relatorio_investimento.html: 5
[2019-10-15 14:41:49] EDIT Sist01/views/projeto/relatorio_investimento.html: 0
[2019-10-15 14:43:23] EDIT Sist01/views/projeto/relatorio_investimento.html: 2
[2019-10-15 14:49:08] EDIT Sist01/views/projeto/relatorio_investimento.html: 28
[2019-10-15 14:49:15] EDIT Sist01/views/projeto/relatorio_investimento.html: 0
[2019-10-15 14:54:52] EDIT Sist01/views/projeto/relatorio_investimento.html: 0
[2019-10-18 00:24:12] EDIT Sist01/controllers/projeto.py: 1
[2019-10-18 00:25:41] EDIT Sist01/controllers/projeto.py: 2
[2019-10-18 00:44:46] EDIT Sist01/controllers/projeto.py: 0
[2019-10-18 00:49:25] EDIT Sist01/views/projeto/prestacao_venda.html: 0
[2019-10-18 00:49:58] EDIT Sist01/views/projeto/prestacao_venda.html: 0
[2019-10-18 00:50:59] EDIT Sist01/views/projeto/prestacao_venda.html: -4
[2019-10-18 00:51:37] EDIT Sist01/views/projeto/prestacao_venda.html: 0
[2019-10-18 00:53:05] EDIT Sist01/views/projeto/prestacao_venda.html: 2
[2019-10-18 00:53:25] EDIT Sist01/views/projeto/prestacao_venda.html: -1
[2019-10-18 00:58:02] EDIT Sist01/views/layout.html: 3
[2019-10-18 01:08:25] EDIT Sist01/views/layout.html: 0
[2019-10-18 01:10:33] EDIT Sist01/controllers/projeto.py: -1
[2019-10-18 01:10:43] EDIT Sist01/controllers/projeto.py: 0
[2019-10-18 01:11:42] EDIT Sist01/controllers/projeto.py: 0
[2019-10-18 01:12:15] EDIT Sist01/controllers/projeto.py: 1
[2019-10-18 01:12:22] EDIT Sist01/controllers/projeto.py: -1
[2019-10-18 01:22:41] EDIT Sist01/controllers/projeto.py: 0
[2019-10-18 01:23:20] EDIT Sist01/controllers/projeto.py: 0
[2019-10-18 01:23:27] EDIT Sist01/controllers/projeto.py: 0
[2019-10-18 01:23:46] EDIT Sist01/controllers/projeto.py: 1
[2019-10-18 01:26:48] EDIT Sist01/views/projeto/prestacao_venda.html: 0
[2019-10-18 01:34:09] EDIT Sist01/views/projeto/relatorio_investimento.html: 0
[2019-10-18 01:35:44] EDIT Sist01/views/projeto/relatorio_investimento.html: 1
[2019-10-18 01:35:59] EDIT Sist01/views/projeto/relatorio_investimento.html: 0
[2019-10-18 01:37:57] EDIT Sist01/views/projeto/relatorio_investimento.html: 0
[2019-10-18 01:39:06] EDIT Sist01/views/projeto/relatorio_investimento.html: 3
[2019-10-18 01:39:50] EDIT Sist01/views/projeto/relatorio_investimento.html: -1
[2019-10-18 01:41:35] EDIT Sist01/views/projeto/relatorio_investimento.html: 0
[2019-10-18 01:42:07] EDIT Sist01/views/projeto/relatorio_investimento.html: 0
[2019-10-18 01:43:10] EDIT Sist01/views/projeto/relatorio_investimento.html: 0
[2019-10-18 01:43:52] EDIT Sist01/views/projeto/relatorio_investimento.html: 0
[2019-10-18 02:08:00] EDIT Sist01/views/projeto/relatorio_investimento.html: -1
[2019-10-18 02:09:46] EDIT Sist01/views/projeto/acesso_geral.html: 7
[2019-10-18 03:39:58] EDIT Sist01/controllers/projeto.py: 0
[2019-10-19 04:13:23] EDIT Sist01/controllers/projeto.py: 3
[2019-10-19 04:15:38] CREATE projeto/info_antes_venda.html: 0
[2019-10-19 04:17:23] EDIT Sist01/views/projeto/info_antes_venda.html: 88
[2019-10-19 04:18:23] EDIT Sist01/views/projeto/info_antes_venda.html: -1
[2019-10-19 04:18:51] EDIT Sist01/views/projeto/info_antes_venda.html: 1
[2019-10-19 04:21:53] EDIT Sist01/views/projeto/info_antes_venda.html: 5
[2019-10-19 04:29:25] EDIT Sist01/views/projeto/info_antes_venda.html: 24
[2019-10-19 04:32:35] EDIT Sist01/views/projeto/info_antes_venda.html: -1
[2019-10-19 04:32:44] EDIT Sist01/views/projeto/info_antes_venda.html: 0
[2019-10-19 04:33:03] EDIT Sist01/views/projeto/info_antes_venda.html: -22
[2019-10-19 04:35:25] EDIT Sist01/controllers/projeto.py: 1
[2019-10-19 04:35:34] EDIT Sist01/controllers/projeto.py: 0
[2019-10-19 04:36:45] EDIT Sist01/views/projeto/info_antes_venda.html: 4
[2019-10-19 04:37:28] EDIT Sist01/views/projeto/info_antes_venda.html: 0
[2019-10-19 04:38:10] EDIT Sist01/controllers/projeto.py: 0
[2019-10-19 04:41:26] EDIT Sist01/views/projeto/info_antes_venda.html: 4
[2019-10-19 04:42:35] EDIT Sist01/controllers/projeto.py: 1
[2019-10-19 04:42:37] EDIT Sist01/controllers/projeto.py: 0
[2019-10-19 04:42:44] EDIT Sist01/controllers/projeto.py: 0
[2019-10-19 04:42:46] EDIT Sist01/controllers/projeto.py: 0
[2019-10-19 04:43:09] EDIT Sist01/controllers/projeto.py: 0
[2019-10-19 04:43:27] EDIT Sist01/controllers/projeto.py: 0
[2019-10-19 04:43:33] EDIT Sist01/controllers/projeto.py: 0
[2019-10-19 04:44:27] EDIT Sist01/controllers/projeto.py: 1
[2019-10-19 04:46:27] EDIT Sist01/views/projeto/info_antes_venda.html: 11
[2019-10-19 04:46:41] EDIT Sist01/views/projeto/info_antes_venda.html: 0
[2019-10-19 04:50:55] EDIT Sist01/views/projeto/info_antes_venda.html: 7
[2019-10-19 04:55:35] EDIT Sist01/views/projeto/info_antes_venda.html: -1
[2019-10-21 13:56:15] EDIT Sist01/models/db.py: 0
[2019-10-21 13:58:21] EDIT Sist01/controllers/default.py: 1
[2019-10-21 13:59:09] EDIT Sist01/controllers/default.py: 0
[2019-10-21 14:01:05] EDIT Sist01/controllers/default.py: 2
[2019-10-21 14:01:38] CREATE default/ass.html: 0
[2019-10-21 14:02:01] EDIT Sist01/controllers/default.py: 0
[2019-10-21 14:02:22] EDIT Sist01/controllers/default.py: 0
[2019-10-23 01:28:39] EDIT Sist01/controllers/produto.py: 0
