timestamp: 2019-10-28T17:08:59.744887
CREATE TABLE "projeto"(
    "id" INTEGER PRIMARY KEY AUTOINCREMENT,
    "nome" CHAR(512) NOT NULL,
    "nome_chefe" CHAR(512),
    "primeira_cidade" CHAR(512),
    "vale_saida_chefe" DOUBLE,
    "adiantamento_dinh_venda" DOUBLE,
    "comissao_chefe_venda" DOUBLE,
    "data_saida_venda" DATE,
    "data_cobranca" DATE,
    "comissao_chefe_cobranca" DOUBLE,
    "devolucao_dinh_venda" DOUBLE,
    "data_chegada_venda" DATE,
    "ultima_cidade" CHAR(512),
    "ultima_data_cobranca" DATE,
    "nome_cobrador" CHAR(512),
    "comissao_cobrador" DOUBLE,
    "vale_cobrador" DOUBLE,
    "adiantamento_dinh_cobranca" DOUBLE NOT NULL DEFAULT 0.0,
    "data_saida_cobrador" DATE,
    "devolucao_dinh_cobranca" DOUBLE NOT NULL DEFAULT 0.0,
    "data_chegada_cobrador" DATE,
    "total_valor_depesa_local" DOUBLE NOT NULL DEFAULT 0.0,
    "total_valor_depesa_venda" DOUBLE NOT NULL DEFAULT 0.0,
    "total_valor_depesa_cobranca" DOUBLE NOT NULL DEFAULT 0.0,
    "total_valor_deposito" DOUBLE NOT NULL DEFAULT 0.0,
    "total_quant_pcs_envio" INTEGER NOT NULL DEFAULT 0,
    "total_preco_envio" DOUBLE NOT NULL DEFAULT 0.0,
    "total_custo_envio" DOUBLE NOT NULL DEFAULT 0.0,
    "total_quant_pcs_retorno" INTEGER NOT NULL DEFAULT 0,
    "total_preco_retorno" DOUBLE NOT NULL DEFAULT 0.0,
    "total_custo_retorno" DOUBLE NOT NULL DEFAULT 0.0,
    "total_custo_aprov_retorno" DOUBLE NOT NULL DEFAULT 0.0,
    "total_quant_pcs_devolucao" INTEGER NOT NULL DEFAULT 0,
    "total_preco_devolucao" DOUBLE NOT NULL DEFAULT 0.0,
    "total_custo_devolucao" DOUBLE NOT NULL DEFAULT 0.0,
    "total_custo_aprov_devolucao" DOUBLE NOT NULL DEFAULT 0.0,
    "total_salario" DOUBLE NOT NULL DEFAULT 0.0,
    "total_vale_saida_funcionario" DOUBLE NOT NULL DEFAULT 0.0,
    "total_vale_caderno_funcionario" DOUBLE NOT NULL DEFAULT 0.0,
    "total_recebido_chegada_funcionario" DOUBLE NOT NULL DEFAULT 0.0,
    "total_vale_saida_vendedor" DOUBLE NOT NULL DEFAULT 0.0,
    "total_vale_caderno_vendedor" DOUBLE NOT NULL DEFAULT 0.0,
    "total_venda" DOUBLE NOT NULL DEFAULT 0.0,
    "total_entradas_venda" DOUBLE NOT NULL DEFAULT 0.0,
    "total_quant_fichas" INTEGER NOT NULL DEFAULT 0,
    "total_comis_venda_vendedor" DOUBLE NOT NULL DEFAULT 0.0,
    "total_recebido_chegada_venda_vendedor" DOUBLE NOT NULL DEFAULT 0.0,
    "total_recebido_cobranca" DOUBLE NOT NULL DEFAULT 0.0,
    "total_devolvido_cobranca" DOUBLE NOT NULL DEFAULT 0.0,
    "total_prego_cobranca" DOUBLE NOT NULL DEFAULT 0.0,
    "total_recebido_chegada_cobranca_vendedor" DOUBLE NOT NULL DEFAULT 0.0,
    "is_active" CHAR(1),
    "created_on" TIMESTAMP,
    "created_by" INTEGER REFERENCES "auth_user" ("id") ON DELETE CASCADE  ,
    "modified_on" TIMESTAMP,
    "modified_by" INTEGER REFERENCES "auth_user" ("id") ON DELETE CASCADE  
);
timestamp: 2019-10-28T17:09:02.123926
CREATE TABLE "projeto"(
    "id" INTEGER PRIMARY KEY AUTOINCREMENT,
    "nome" CHAR(512) NOT NULL,
    "nome_chefe" CHAR(512),
    "primeira_cidade" CHAR(512),
    "vale_saida_chefe" DOUBLE,
    "adiantamento_dinh_venda" DOUBLE,
    "comissao_chefe_venda" DOUBLE,
    "data_saida_venda" DATE,
    "data_cobranca" DATE,
    "comissao_chefe_cobranca" DOUBLE,
    "devolucao_dinh_venda" DOUBLE,
    "data_chegada_venda" DATE,
    "ultima_cidade" CHAR(512),
    "ultima_data_cobranca" DATE,
    "nome_cobrador" CHAR(512),
    "comissao_cobrador" DOUBLE,
    "vale_cobrador" DOUBLE,
    "adiantamento_dinh_cobranca" DOUBLE NOT NULL DEFAULT 0.0,
    "data_saida_cobrador" DATE,
    "devolucao_dinh_cobranca" DOUBLE NOT NULL DEFAULT 0.0,
    "data_chegada_cobrador" DATE,
    "total_valor_depesa_local" DOUBLE NOT NULL DEFAULT 0.0,
    "total_valor_depesa_venda" DOUBLE NOT NULL DEFAULT 0.0,
    "total_valor_depesa_cobranca" DOUBLE NOT NULL DEFAULT 0.0,
    "total_valor_deposito" DOUBLE NOT NULL DEFAULT 0.0,
    "total_quant_pcs_envio" INTEGER NOT NULL DEFAULT 0,
    "total_preco_envio" DOUBLE NOT NULL DEFAULT 0.0,
    "total_custo_envio" DOUBLE NOT NULL DEFAULT 0.0,
    "total_quant_pcs_retorno" INTEGER NOT NULL DEFAULT 0,
    "total_preco_retorno" DOUBLE NOT NULL DEFAULT 0.0,
    "total_custo_retorno" DOUBLE NOT NULL DEFAULT 0.0,
    "total_custo_aprov_retorno" DOUBLE NOT NULL DEFAULT 0.0,
    "total_quant_pcs_devolucao" INTEGER NOT NULL DEFAULT 0,
    "total_preco_devolucao" DOUBLE NOT NULL DEFAULT 0.0,
    "total_custo_devolucao" DOUBLE NOT NULL DEFAULT 0.0,
    "total_custo_aprov_devolucao" DOUBLE NOT NULL DEFAULT 0.0,
    "total_salario" DOUBLE NOT NULL DEFAULT 0.0,
    "total_vale_saida_funcionario" DOUBLE NOT NULL DEFAULT 0.0,
    "total_vale_caderno_funcionario" DOUBLE NOT NULL DEFAULT 0.0,
    "total_recebido_chegada_funcionario" DOUBLE NOT NULL DEFAULT 0.0,
    "total_vale_saida_vendedor" DOUBLE NOT NULL DEFAULT 0.0,
    "total_vale_caderno_vendedor" DOUBLE NOT NULL DEFAULT 0.0,
    "total_venda" DOUBLE NOT NULL DEFAULT 0.0,
    "total_entradas_venda" DOUBLE NOT NULL DEFAULT 0.0,
    "total_quant_fichas" INTEGER NOT NULL DEFAULT 0,
    "total_comis_venda_vendedor" DOUBLE NOT NULL DEFAULT 0.0,
    "total_recebido_chegada_venda_vendedor" DOUBLE NOT NULL DEFAULT 0.0,
    "total_recebido_cobranca" DOUBLE NOT NULL DEFAULT 0.0,
    "total_devolvido_cobranca" DOUBLE NOT NULL DEFAULT 0.0,
    "total_prego_cobranca" DOUBLE NOT NULL DEFAULT 0.0,
    "total_recebido_chegada_cobranca_vendedor" DOUBLE NOT NULL DEFAULT 0.0,
    "is_active" CHAR(1),
    "created_on" TIMESTAMP,
    "created_by" INTEGER REFERENCES "auth_user" ("id") ON DELETE CASCADE  ,
    "modified_on" TIMESTAMP,
    "modified_by" INTEGER REFERENCES "auth_user" ("id") ON DELETE CASCADE  
);
timestamp: 2019-10-28T17:09:58.015015
CREATE TABLE "projeto"(
    "id" INTEGER PRIMARY KEY AUTOINCREMENT,
    "nome" CHAR(512) NOT NULL,
    "nome_chefe" CHAR(512),
    "primeira_cidade" CHAR(512),
    "vale_saida_chefe" DOUBLE,
    "adiantamento_dinh_venda" DOUBLE,
    "comissao_chefe_venda" DOUBLE,
    "data_saida_venda" DATE,
    "data_cobranca" DATE,
    "comissao_chefe_cobranca" DOUBLE,
    "devolucao_dinh_venda" DOUBLE,
    "data_chegada_venda" DATE,
    "ultima_cidade" CHAR(512),
    "ultima_data_cobranca" DATE,
    "nome_cobrador" CHAR(512),
    "comissao_cobrador" DOUBLE,
    "vale_cobrador" DOUBLE,
    "adiantamento_dinh_cobranca" DOUBLE NOT NULL DEFAULT 0.0,
    "data_saida_cobrador" DATE,
    "devolucao_dinh_cobranca" DOUBLE NOT NULL DEFAULT 0.0,
    "data_chegada_cobrador" DATE,
    "total_valor_depesa_local" DOUBLE NOT NULL DEFAULT 0.0,
    "total_valor_depesa_venda" DOUBLE NOT NULL DEFAULT 0.0,
    "total_valor_depesa_cobranca" DOUBLE NOT NULL DEFAULT 0.0,
    "total_valor_deposito" DOUBLE NOT NULL DEFAULT 0.0,
    "total_quant_pcs_envio" INTEGER NOT NULL DEFAULT 0,
    "total_preco_envio" DOUBLE NOT NULL DEFAULT 0.0,
    "total_custo_envio" DOUBLE NOT NULL DEFAULT 0.0,
    "total_quant_pcs_retorno" INTEGER NOT NULL DEFAULT 0,
    "total_preco_retorno" DOUBLE NOT NULL DEFAULT 0.0,
    "total_custo_retorno" DOUBLE NOT NULL DEFAULT 0.0,
    "total_custo_aprov_retorno" DOUBLE NOT NULL DEFAULT 0.0,
    "total_quant_pcs_devolucao" INTEGER NOT NULL DEFAULT 0,
    "total_preco_devolucao" DOUBLE NOT NULL DEFAULT 0.0,
    "total_custo_devolucao" DOUBLE NOT NULL DEFAULT 0.0,
    "total_custo_aprov_devolucao" DOUBLE NOT NULL DEFAULT 0.0,
    "total_salario" DOUBLE NOT NULL DEFAULT 0.0,
    "total_vale_saida_funcionario" DOUBLE NOT NULL DEFAULT 0.0,
    "total_vale_caderno_funcionario" DOUBLE NOT NULL DEFAULT 0.0,
    "total_recebido_chegada_funcionario" DOUBLE NOT NULL DEFAULT 0.0,
    "total_vale_saida_vendedor" DOUBLE NOT NULL DEFAULT 0.0,
    "total_vale_caderno_vendedor" DOUBLE NOT NULL DEFAULT 0.0,
    "total_venda" DOUBLE NOT NULL DEFAULT 0.0,
    "total_entradas_venda" DOUBLE NOT NULL DEFAULT 0.0,
    "total_quant_fichas" INTEGER NOT NULL DEFAULT 0,
    "total_comis_venda_vendedor" DOUBLE NOT NULL DEFAULT 0.0,
    "total_recebido_chegada_venda_vendedor" DOUBLE NOT NULL DEFAULT 0.0,
    "total_recebido_cobranca" DOUBLE NOT NULL DEFAULT 0.0,
    "total_devolvido_cobranca" DOUBLE NOT NULL DEFAULT 0.0,
    "total_prego_cobranca" DOUBLE NOT NULL DEFAULT 0.0,
    "total_recebido_chegada_cobranca_vendedor" DOUBLE NOT NULL DEFAULT 0.0,
    "is_active" CHAR(1),
    "created_on" TIMESTAMP,
    "created_by" INTEGER REFERENCES "auth_user" ("id") ON DELETE CASCADE  ,
    "modified_on" TIMESTAMP,
    "modified_by" INTEGER REFERENCES "auth_user" ("id") ON DELETE CASCADE  
);
timestamp: 2019-10-28T17:10:05.485222
CREATE TABLE "projeto"(
    "id" INTEGER PRIMARY KEY AUTOINCREMENT,
    "nome" CHAR(512) NOT NULL,
    "nome_chefe" CHAR(512),
    "primeira_cidade" CHAR(512),
    "vale_saida_chefe" DOUBLE,
    "adiantamento_dinh_venda" DOUBLE,
    "comissao_chefe_venda" DOUBLE,
    "data_saida_venda" DATE,
    "data_cobranca" DATE,
    "comissao_chefe_cobranca" DOUBLE,
    "devolucao_dinh_venda" DOUBLE,
    "data_chegada_venda" DATE,
    "ultima_cidade" CHAR(512),
    "ultima_data_cobranca" DATE,
    "nome_cobrador" CHAR(512),
    "comissao_cobrador" DOUBLE,
    "vale_cobrador" DOUBLE,
    "adiantamento_dinh_cobranca" DOUBLE NOT NULL DEFAULT 0.0,
    "data_saida_cobrador" DATE,
    "devolucao_dinh_cobranca" DOUBLE NOT NULL DEFAULT 0.0,
    "data_chegada_cobrador" DATE,
    "total_valor_depesa_local" DOUBLE NOT NULL DEFAULT 0.0,
    "total_valor_depesa_venda" DOUBLE NOT NULL DEFAULT 0.0,
    "total_valor_depesa_cobranca" DOUBLE NOT NULL DEFAULT 0.0,
    "total_valor_deposito" DOUBLE NOT NULL DEFAULT 0.0,
    "total_quant_pcs_envio" INTEGER NOT NULL DEFAULT 0,
    "total_preco_envio" DOUBLE NOT NULL DEFAULT 0.0,
    "total_custo_envio" DOUBLE NOT NULL DEFAULT 0.0,
    "total_quant_pcs_retorno" INTEGER NOT NULL DEFAULT 0,
    "total_preco_retorno" DOUBLE NOT NULL DEFAULT 0.0,
    "total_custo_retorno" DOUBLE NOT NULL DEFAULT 0.0,
    "total_custo_aprov_retorno" DOUBLE NOT NULL DEFAULT 0.0,
    "total_quant_pcs_devolucao" INTEGER NOT NULL DEFAULT 0,
    "total_preco_devolucao" DOUBLE NOT NULL DEFAULT 0.0,
    "total_custo_devolucao" DOUBLE NOT NULL DEFAULT 0.0,
    "total_custo_aprov_devolucao" DOUBLE NOT NULL DEFAULT 0.0,
    "total_salario" DOUBLE NOT NULL DEFAULT 0.0,
    "total_vale_saida_funcionario" DOUBLE NOT NULL DEFAULT 0.0,
    "total_vale_caderno_funcionario" DOUBLE NOT NULL DEFAULT 0.0,
    "total_recebido_chegada_funcionario" DOUBLE NOT NULL DEFAULT 0.0,
    "total_vale_saida_vendedor" DOUBLE NOT NULL DEFAULT 0.0,
    "total_vale_caderno_vendedor" DOUBLE NOT NULL DEFAULT 0.0,
    "total_venda" DOUBLE NOT NULL DEFAULT 0.0,
    "total_entradas_venda" DOUBLE NOT NULL DEFAULT 0.0,
    "total_quant_fichas" INTEGER NOT NULL DEFAULT 0,
    "total_comis_venda_vendedor" DOUBLE NOT NULL DEFAULT 0.0,
    "total_recebido_chegada_venda_vendedor" DOUBLE NOT NULL DEFAULT 0.0,
    "total_recebido_cobranca" DOUBLE NOT NULL DEFAULT 0.0,
    "total_devolvido_cobranca" DOUBLE NOT NULL DEFAULT 0.0,
    "total_prego_cobranca" DOUBLE NOT NULL DEFAULT 0.0,
    "total_recebido_chegada_cobranca_vendedor" DOUBLE NOT NULL DEFAULT 0.0,
    "is_active" CHAR(1),
    "created_on" TIMESTAMP,
    "created_by" INTEGER REFERENCES "auth_user" ("id") ON DELETE CASCADE  ,
    "modified_on" TIMESTAMP,
    "modified_by" INTEGER REFERENCES "auth_user" ("id") ON DELETE CASCADE  
);
timestamp: 2019-10-28T17:10:17.855677
CREATE TABLE "projeto"(
    "id" INTEGER PRIMARY KEY AUTOINCREMENT,
    "nome" CHAR(512) NOT NULL,
    "nome_chefe" CHAR(512),
    "primeira_cidade" CHAR(512),
    "vale_saida_chefe" DOUBLE,
    "adiantamento_dinh_venda" DOUBLE,
    "comissao_chefe_venda" DOUBLE,
    "data_saida_venda" DATE,
    "data_cobranca" DATE,
    "comissao_chefe_cobranca" DOUBLE,
    "devolucao_dinh_venda" DOUBLE,
    "data_chegada_venda" DATE,
    "ultima_cidade" CHAR(512),
    "ultima_data_cobranca" DATE,
    "nome_cobrador" CHAR(512),
    "comissao_cobrador" DOUBLE,
    "vale_cobrador" DOUBLE,
    "adiantamento_dinh_cobranca" DOUBLE NOT NULL DEFAULT 0.0,
    "data_saida_cobrador" DATE,
    "devolucao_dinh_cobranca" DOUBLE NOT NULL DEFAULT 0.0,
    "data_chegada_cobrador" DATE,
    "total_valor_depesa_local" DOUBLE NOT NULL DEFAULT 0.0,
    "total_valor_depesa_venda" DOUBLE NOT NULL DEFAULT 0.0,
    "total_valor_depesa_cobranca" DOUBLE NOT NULL DEFAULT 0.0,
    "total_valor_deposito" DOUBLE NOT NULL DEFAULT 0.0,
    "total_quant_pcs_envio" INTEGER NOT NULL DEFAULT 0,
    "total_preco_envio" DOUBLE NOT NULL DEFAULT 0.0,
    "total_custo_envio" DOUBLE NOT NULL DEFAULT 0.0,
    "total_quant_pcs_retorno" INTEGER NOT NULL DEFAULT 0,
    "total_preco_retorno" DOUBLE NOT NULL DEFAULT 0.0,
    "total_custo_retorno" DOUBLE NOT NULL DEFAULT 0.0,
    "total_custo_aprov_retorno" DOUBLE NOT NULL DEFAULT 0.0,
    "total_quant_pcs_devolucao" INTEGER NOT NULL DEFAULT 0,
    "total_preco_devolucao" DOUBLE NOT NULL DEFAULT 0.0,
    "total_custo_devolucao" DOUBLE NOT NULL DEFAULT 0.0,
    "total_custo_aprov_devolucao" DOUBLE NOT NULL DEFAULT 0.0,
    "total_salario" DOUBLE NOT NULL DEFAULT 0.0,
    "total_vale_saida_funcionario" DOUBLE NOT NULL DEFAULT 0.0,
    "total_vale_caderno_funcionario" DOUBLE NOT NULL DEFAULT 0.0,
    "total_recebido_chegada_funcionario" DOUBLE NOT NULL DEFAULT 0.0,
    "total_vale_saida_vendedor" DOUBLE NOT NULL DEFAULT 0.0,
    "total_vale_caderno_vendedor" DOUBLE NOT NULL DEFAULT 0.0,
    "total_venda" DOUBLE NOT NULL DEFAULT 0.0,
    "total_entradas_venda" DOUBLE NOT NULL DEFAULT 0.0,
    "total_quant_fichas" INTEGER NOT NULL DEFAULT 0,
    "total_comis_venda_vendedor" DOUBLE NOT NULL DEFAULT 0.0,
    "total_recebido_chegada_venda_vendedor" DOUBLE NOT NULL DEFAULT 0.0,
    "total_recebido_cobranca" DOUBLE NOT NULL DEFAULT 0.0,
    "total_devolvido_cobranca" DOUBLE NOT NULL DEFAULT 0.0,
    "total_prego_cobranca" DOUBLE NOT NULL DEFAULT 0.0,
    "total_recebido_chegada_cobranca_vendedor" DOUBLE NOT NULL DEFAULT 0.0,
    "is_active" CHAR(1),
    "created_on" TIMESTAMP,
    "created_by" INTEGER REFERENCES "auth_user" ("id") ON DELETE CASCADE  ,
    "modified_on" TIMESTAMP,
    "modified_by" INTEGER REFERENCES "auth_user" ("id") ON DELETE CASCADE  
);
timestamp: 2019-10-28T17:10:38.380748
CREATE TABLE "projeto"(
    "id" INTEGER PRIMARY KEY AUTOINCREMENT,
    "nome" CHAR(512) NOT NULL,
    "nome_chefe" CHAR(512),
    "primeira_cidade" CHAR(512),
    "vale_saida_chefe" DOUBLE,
    "adiantamento_dinh_venda" DOUBLE,
    "comissao_chefe_venda" DOUBLE,
    "data_saida_venda" DATE,
    "data_cobranca" DATE,
    "comissao_chefe_cobranca" DOUBLE,
    "devolucao_dinh_venda" DOUBLE,
    "data_chegada_venda" DATE,
    "ultima_cidade" CHAR(512),
    "ultima_data_cobranca" DATE,
    "nome_cobrador" CHAR(512),
    "comissao_cobrador" DOUBLE,
    "vale_cobrador" DOUBLE,
    "adiantamento_dinh_cobranca" DOUBLE NOT NULL DEFAULT 0.0,
    "data_saida_cobrador" DATE,
    "devolucao_dinh_cobranca" DOUBLE NOT NULL DEFAULT 0.0,
    "data_chegada_cobrador" DATE,
    "total_valor_depesa_local" DOUBLE NOT NULL DEFAULT 0.0,
    "total_valor_depesa_venda" DOUBLE NOT NULL DEFAULT 0.0,
    "total_valor_depesa_cobranca" DOUBLE NOT NULL DEFAULT 0.0,
    "total_valor_deposito" DOUBLE NOT NULL DEFAULT 0.0,
    "total_quant_pcs_envio" INTEGER NOT NULL DEFAULT 0,
    "total_preco_envio" DOUBLE NOT NULL DEFAULT 0.0,
    "total_custo_envio" DOUBLE NOT NULL DEFAULT 0.0,
    "total_quant_pcs_retorno" INTEGER NOT NULL DEFAULT 0,
    "total_preco_retorno" DOUBLE NOT NULL DEFAULT 0.0,
    "total_custo_retorno" DOUBLE NOT NULL DEFAULT 0.0,
    "total_custo_aprov_retorno" DOUBLE NOT NULL DEFAULT 0.0,
    "total_quant_pcs_devolucao" INTEGER NOT NULL DEFAULT 0,
    "total_preco_devolucao" DOUBLE NOT NULL DEFAULT 0.0,
    "total_custo_devolucao" DOUBLE NOT NULL DEFAULT 0.0,
    "total_custo_aprov_devolucao" DOUBLE NOT NULL DEFAULT 0.0,
    "total_salario" DOUBLE NOT NULL DEFAULT 0.0,
    "total_vale_saida_funcionario" DOUBLE NOT NULL DEFAULT 0.0,
    "total_vale_caderno_funcionario" DOUBLE NOT NULL DEFAULT 0.0,
    "total_recebido_chegada_funcionario" DOUBLE NOT NULL DEFAULT 0.0,
    "total_vale_saida_vendedor" DOUBLE NOT NULL DEFAULT 0.0,
    "total_vale_caderno_vendedor" DOUBLE NOT NULL DEFAULT 0.0,
    "total_venda" DOUBLE NOT NULL DEFAULT 0.0,
    "total_entradas_venda" DOUBLE NOT NULL DEFAULT 0.0,
    "total_quant_fichas" INTEGER NOT NULL DEFAULT 0,
    "total_comis_venda_vendedor" DOUBLE NOT NULL DEFAULT 0.0,
    "total_recebido_chegada_venda_vendedor" DOUBLE NOT NULL DEFAULT 0.0,
    "total_recebido_cobranca" DOUBLE NOT NULL DEFAULT 0.0,
    "total_devolvido_cobranca" DOUBLE NOT NULL DEFAULT 0.0,
    "total_prego_cobranca" DOUBLE NOT NULL DEFAULT 0.0,
    "total_recebido_chegada_cobranca_vendedor" DOUBLE NOT NULL DEFAULT 0.0,
    "is_active" CHAR(1),
    "created_on" TIMESTAMP,
    "created_by" INTEGER REFERENCES "auth_user" ("id") ON DELETE CASCADE  ,
    "modified_on" TIMESTAMP,
    "modified_by" INTEGER REFERENCES "auth_user" ("id") ON DELETE CASCADE  
);
timestamp: 2019-10-28T17:11:00.864101
CREATE TABLE "projeto"(
    "id" INTEGER PRIMARY KEY AUTOINCREMENT,
    "nome" CHAR(512) NOT NULL,
    "nome_chefe" CHAR(512),
    "primeira_cidade" CHAR(512),
    "vale_saida_chefe" DOUBLE,
    "adiantamento_dinh_venda" DOUBLE,
    "comissao_chefe_venda" DOUBLE,
    "data_saida_venda" DATE,
    "data_cobranca" DATE,
    "comissao_chefe_cobranca" DOUBLE,
    "devolucao_dinh_venda" DOUBLE,
    "data_chegada_venda" DATE,
    "ultima_cidade" CHAR(512),
    "ultima_data_cobranca" DATE,
    "nome_cobrador" CHAR(512),
    "comissao_cobrador" DOUBLE,
    "vale_cobrador" DOUBLE,
    "adiantamento_dinh_cobranca" DOUBLE NOT NULL DEFAULT 0.0,
    "data_saida_cobrador" DATE,
    "devolucao_dinh_cobranca" DOUBLE NOT NULL DEFAULT 0.0,
    "data_chegada_cobrador" DATE,
    "total_valor_depesa_local" DOUBLE NOT NULL DEFAULT 0.0,
    "total_valor_depesa_venda" DOUBLE NOT NULL DEFAULT 0.0,
    "total_valor_depesa_cobranca" DOUBLE NOT NULL DEFAULT 0.0,
    "total_valor_deposito" DOUBLE NOT NULL DEFAULT 0.0,
    "total_quant_pcs_envio" INTEGER NOT NULL DEFAULT 0,
    "total_preco_envio" DOUBLE NOT NULL DEFAULT 0.0,
    "total_custo_envio" DOUBLE NOT NULL DEFAULT 0.0,
    "total_quant_pcs_retorno" INTEGER NOT NULL DEFAULT 0,
    "total_preco_retorno" DOUBLE NOT NULL DEFAULT 0.0,
    "total_custo_retorno" DOUBLE NOT NULL DEFAULT 0.0,
    "total_custo_aprov_retorno" DOUBLE NOT NULL DEFAULT 0.0,
    "total_quant_pcs_devolucao" INTEGER NOT NULL DEFAULT 0,
    "total_preco_devolucao" DOUBLE NOT NULL DEFAULT 0.0,
    "total_custo_devolucao" DOUBLE NOT NULL DEFAULT 0.0,
    "total_custo_aprov_devolucao" DOUBLE NOT NULL DEFAULT 0.0,
    "total_salario" DOUBLE NOT NULL DEFAULT 0.0,
    "total_vale_saida_funcionario" DOUBLE NOT NULL DEFAULT 0.0,
    "total_vale_caderno_funcionario" DOUBLE NOT NULL DEFAULT 0.0,
    "total_recebido_chegada_funcionario" DOUBLE NOT NULL DEFAULT 0.0,
    "total_vale_saida_vendedor" DOUBLE NOT NULL DEFAULT 0.0,
    "total_vale_caderno_vendedor" DOUBLE NOT NULL DEFAULT 0.0,
    "total_venda" DOUBLE NOT NULL DEFAULT 0.0,
    "total_entradas_venda" DOUBLE NOT NULL DEFAULT 0.0,
    "total_quant_fichas" INTEGER NOT NULL DEFAULT 0,
    "total_comis_venda_vendedor" DOUBLE NOT NULL DEFAULT 0.0,
    "total_recebido_chegada_venda_vendedor" DOUBLE NOT NULL DEFAULT 0.0,
    "total_recebido_cobranca" DOUBLE NOT NULL DEFAULT 0.0,
    "total_devolvido_cobranca" DOUBLE NOT NULL DEFAULT 0.0,
    "total_prego_cobranca" DOUBLE NOT NULL DEFAULT 0.0,
    "total_recebido_chegada_cobranca_vendedor" DOUBLE NOT NULL DEFAULT 0.0,
    "is_active" CHAR(1),
    "created_on" TIMESTAMP,
    "created_by" INTEGER REFERENCES "auth_user" ("id") ON DELETE CASCADE  ,
    "modified_on" TIMESTAMP,
    "modified_by" INTEGER REFERENCES "auth_user" ("id") ON DELETE CASCADE  
);
timestamp: 2019-10-28T17:11:17.804132
CREATE TABLE "projeto"(
    "id" INTEGER PRIMARY KEY AUTOINCREMENT,
    "nome" CHAR(512) NOT NULL,
    "nome_chefe" CHAR(512),
    "primeira_cidade" CHAR(512),
    "vale_saida_chefe" DOUBLE,
    "adiantamento_dinh_venda" DOUBLE,
    "comissao_chefe_venda" DOUBLE,
    "data_saida_venda" DATE,
    "data_cobranca" DATE,
    "comissao_chefe_cobranca" DOUBLE,
    "devolucao_dinh_venda" DOUBLE,
    "data_chegada_venda" DATE,
    "ultima_cidade" CHAR(512),
    "ultima_data_cobranca" DATE,
    "nome_cobrador" CHAR(512),
    "comissao_cobrador" DOUBLE,
    "vale_cobrador" DOUBLE,
    "adiantamento_dinh_cobranca" DOUBLE NOT NULL DEFAULT 0.0,
    "data_saida_cobrador" DATE,
    "devolucao_dinh_cobranca" DOUBLE NOT NULL DEFAULT 0.0,
    "data_chegada_cobrador" DATE,
    "total_valor_depesa_local" DOUBLE NOT NULL DEFAULT 0.0,
    "total_valor_depesa_venda" DOUBLE NOT NULL DEFAULT 0.0,
    "total_valor_depesa_cobranca" DOUBLE NOT NULL DEFAULT 0.0,
    "total_valor_deposito" DOUBLE NOT NULL DEFAULT 0.0,
    "total_quant_pcs_envio" INTEGER NOT NULL DEFAULT 0,
    "total_preco_envio" DOUBLE NOT NULL DEFAULT 0.0,
    "total_custo_envio" DOUBLE NOT NULL DEFAULT 0.0,
    "total_quant_pcs_retorno" INTEGER NOT NULL DEFAULT 0,
    "total_preco_retorno" DOUBLE NOT NULL DEFAULT 0.0,
    "total_custo_retorno" DOUBLE NOT NULL DEFAULT 0.0,
    "total_custo_aprov_retorno" DOUBLE NOT NULL DEFAULT 0.0,
    "total_quant_pcs_devolucao" INTEGER NOT NULL DEFAULT 0,
    "total_preco_devolucao" DOUBLE NOT NULL DEFAULT 0.0,
    "total_custo_devolucao" DOUBLE NOT NULL DEFAULT 0.0,
    "total_custo_aprov_devolucao" DOUBLE NOT NULL DEFAULT 0.0,
    "total_salario" DOUBLE NOT NULL DEFAULT 0.0,
    "total_vale_saida_funcionario" DOUBLE NOT NULL DEFAULT 0.0,
    "total_vale_caderno_funcionario" DOUBLE NOT NULL DEFAULT 0.0,
    "total_recebido_chegada_funcionario" DOUBLE NOT NULL DEFAULT 0.0,
    "total_vale_saida_vendedor" DOUBLE NOT NULL DEFAULT 0.0,
    "total_vale_caderno_vendedor" DOUBLE NOT NULL DEFAULT 0.0,
    "total_venda" DOUBLE NOT NULL DEFAULT 0.0,
    "total_entradas_venda" DOUBLE NOT NULL DEFAULT 0.0,
    "total_quant_fichas" INTEGER NOT NULL DEFAULT 0,
    "total_comis_venda_vendedor" DOUBLE NOT NULL DEFAULT 0.0,
    "total_recebido_chegada_venda_vendedor" DOUBLE NOT NULL DEFAULT 0.0,
    "total_recebido_cobranca" DOUBLE NOT NULL DEFAULT 0.0,
    "total_devolvido_cobranca" DOUBLE NOT NULL DEFAULT 0.0,
    "total_prego_cobranca" DOUBLE NOT NULL DEFAULT 0.0,
    "total_recebido_chegada_cobranca_vendedor" DOUBLE NOT NULL DEFAULT 0.0,
    "is_active" CHAR(1),
    "created_on" TIMESTAMP,
    "created_by" INTEGER REFERENCES "auth_user" ("id") ON DELETE CASCADE  ,
    "modified_on" TIMESTAMP,
    "modified_by" INTEGER REFERENCES "auth_user" ("id") ON DELETE CASCADE  
);
timestamp: 2019-10-28T17:11:42.080912
CREATE TABLE "projeto"(
    "id" INTEGER PRIMARY KEY AUTOINCREMENT,
    "nome" CHAR(512) NOT NULL,
    "nome_chefe" CHAR(512),
    "primeira_cidade" CHAR(512),
    "vale_saida_chefe" DOUBLE,
    "adiantamento_dinh_venda" DOUBLE,
    "comissao_chefe_venda" DOUBLE,
    "data_saida_venda" DATE,
    "data_cobranca" DATE,
    "comissao_chefe_cobranca" DOUBLE,
    "devolucao_dinh_venda" DOUBLE,
    "data_chegada_venda" DATE,
    "ultima_cidade" CHAR(512),
    "ultima_data_cobranca" DATE,
    "nome_cobrador" CHAR(512),
    "comissao_cobrador" DOUBLE,
    "vale_cobrador" DOUBLE,
    "adiantamento_dinh_cobranca" DOUBLE NOT NULL DEFAULT 0.0,
    "data_saida_cobrador" DATE,
    "devolucao_dinh_cobranca" DOUBLE NOT NULL DEFAULT 0.0,
    "data_chegada_cobrador" DATE,
    "total_valor_depesa_local" DOUBLE NOT NULL DEFAULT 0.0,
    "total_valor_depesa_venda" DOUBLE NOT NULL DEFAULT 0.0,
    "total_valor_depesa_cobranca" DOUBLE NOT NULL DEFAULT 0.0,
    "total_valor_deposito" DOUBLE NOT NULL DEFAULT 0.0,
    "total_quant_pcs_envio" INTEGER NOT NULL DEFAULT 0,
    "total_preco_envio" DOUBLE NOT NULL DEFAULT 0.0,
    "total_custo_envio" DOUBLE NOT NULL DEFAULT 0.0,
    "total_quant_pcs_retorno" INTEGER NOT NULL DEFAULT 0,
    "total_preco_retorno" DOUBLE NOT NULL DEFAULT 0.0,
    "total_custo_retorno" DOUBLE NOT NULL DEFAULT 0.0,
    "total_custo_aprov_retorno" DOUBLE NOT NULL DEFAULT 0.0,
    "total_quant_pcs_devolucao" INTEGER NOT NULL DEFAULT 0,
    "total_preco_devolucao" DOUBLE NOT NULL DEFAULT 0.0,
    "total_custo_devolucao" DOUBLE NOT NULL DEFAULT 0.0,
    "total_custo_aprov_devolucao" DOUBLE NOT NULL DEFAULT 0.0,
    "total_salario" DOUBLE NOT NULL DEFAULT 0.0,
    "total_vale_saida_funcionario" DOUBLE NOT NULL DEFAULT 0.0,
    "total_vale_caderno_funcionario" DOUBLE NOT NULL DEFAULT 0.0,
    "total_recebido_chegada_funcionario" DOUBLE NOT NULL DEFAULT 0.0,
    "total_vale_saida_vendedor" DOUBLE NOT NULL DEFAULT 0.0,
    "total_vale_caderno_vendedor" DOUBLE NOT NULL DEFAULT 0.0,
    "total_venda" DOUBLE NOT NULL DEFAULT 0.0,
    "total_entradas_venda" DOUBLE NOT NULL DEFAULT 0.0,
    "total_quant_fichas" INTEGER NOT NULL DEFAULT 0,
    "total_comis_venda_vendedor" DOUBLE NOT NULL DEFAULT 0.0,
    "total_recebido_chegada_venda_vendedor" DOUBLE NOT NULL DEFAULT 0.0,
    "total_recebido_cobranca" DOUBLE NOT NULL DEFAULT 0.0,
    "total_devolvido_cobranca" DOUBLE NOT NULL DEFAULT 0.0,
    "total_prego_cobranca" DOUBLE NOT NULL DEFAULT 0.0,
    "total_recebido_chegada_cobranca_vendedor" DOUBLE NOT NULL DEFAULT 0.0,
    "is_active" CHAR(1),
    "created_on" TIMESTAMP,
    "created_by" INTEGER REFERENCES "auth_user" ("id") ON DELETE CASCADE  ,
    "modified_on" TIMESTAMP,
    "modified_by" INTEGER REFERENCES "auth_user" ("id") ON DELETE CASCADE  
);
timestamp: 2019-10-28T17:12:35.823366
CREATE TABLE "projeto"(
    "id" INTEGER PRIMARY KEY AUTOINCREMENT,
    "nome" CHAR(512) NOT NULL,
    "nome_chefe" CHAR(512),
    "primeira_cidade" CHAR(512),
    "vale_saida_chefe" DOUBLE,
    "adiantamento_dinh_venda" DOUBLE,
    "comissao_chefe_venda" DOUBLE,
    "data_saida_venda" DATE,
    "data_cobranca" DATE,
    "comissao_chefe_cobranca" DOUBLE,
    "devolucao_dinh_venda" DOUBLE,
    "data_chegada_venda" DATE,
    "ultima_cidade" CHAR(512),
    "ultima_data_cobranca" DATE,
    "nome_cobrador" CHAR(512),
    "comissao_cobrador" DOUBLE,
    "vale_cobrador" DOUBLE,
    "adiantamento_dinh_cobranca" DOUBLE NOT NULL DEFAULT 0.0,
    "data_saida_cobrador" DATE,
    "devolucao_dinh_cobranca" DOUBLE NOT NULL DEFAULT 0.0,
    "data_chegada_cobrador" DATE,
    "total_valor_depesa_local" DOUBLE NOT NULL DEFAULT 0.0,
    "total_valor_depesa_venda" DOUBLE NOT NULL DEFAULT 0.0,
    "total_valor_depesa_cobranca" DOUBLE NOT NULL DEFAULT 0.0,
    "total_valor_deposito" DOUBLE NOT NULL DEFAULT 0.0,
    "total_quant_pcs_envio" INTEGER NOT NULL DEFAULT 0,
    "total_preco_envio" DOUBLE NOT NULL DEFAULT 0.0,
    "total_custo_envio" DOUBLE NOT NULL DEFAULT 0.0,
    "total_quant_pcs_retorno" INTEGER NOT NULL DEFAULT 0,
    "total_preco_retorno" DOUBLE NOT NULL DEFAULT 0.0,
    "total_custo_retorno" DOUBLE NOT NULL DEFAULT 0.0,
    "total_custo_aprov_retorno" DOUBLE NOT NULL DEFAULT 0.0,
    "total_quant_pcs_devolucao" INTEGER NOT NULL DEFAULT 0,
    "total_preco_devolucao" DOUBLE NOT NULL DEFAULT 0.0,
    "total_custo_devolucao" DOUBLE NOT NULL DEFAULT 0.0,
    "total_custo_aprov_devolucao" DOUBLE NOT NULL DEFAULT 0.0,
    "total_salario" DOUBLE NOT NULL DEFAULT 0.0,
    "total_vale_saida_funcionario" DOUBLE NOT NULL DEFAULT 0.0,
    "total_vale_caderno_funcionario" DOUBLE NOT NULL DEFAULT 0.0,
    "total_recebido_chegada_funcionario" DOUBLE NOT NULL DEFAULT 0.0,
    "total_vale_saida_vendedor" DOUBLE NOT NULL DEFAULT 0.0,
    "total_vale_caderno_vendedor" DOUBLE NOT NULL DEFAULT 0.0,
    "total_venda" DOUBLE NOT NULL DEFAULT 0.0,
    "total_entradas_venda" DOUBLE NOT NULL DEFAULT 0.0,
    "total_quant_fichas" INTEGER NOT NULL DEFAULT 0,
    "total_comis_venda_vendedor" DOUBLE NOT NULL DEFAULT 0.0,
    "total_recebido_chegada_venda_vendedor" DOUBLE NOT NULL DEFAULT 0.0,
    "total_recebido_cobranca" DOUBLE NOT NULL DEFAULT 0.0,
    "total_devolvido_cobranca" DOUBLE NOT NULL DEFAULT 0.0,
    "total_prego_cobranca" DOUBLE NOT NULL DEFAULT 0.0,
    "total_recebido_chegada_cobranca_vendedor" DOUBLE NOT NULL DEFAULT 0.0,
    "is_active" CHAR(1),
    "created_on" TIMESTAMP,
    "created_by" INTEGER REFERENCES "auth_user" ("id") ON DELETE CASCADE  ,
    "modified_on" TIMESTAMP,
    "modified_by" INTEGER REFERENCES "auth_user" ("id") ON DELETE CASCADE  
);
timestamp: 2019-10-28T17:13:36.867056
CREATE TABLE "projeto"(
    "id" INTEGER PRIMARY KEY AUTOINCREMENT,
    "nome" CHAR(512) NOT NULL,
    "nome_chefe" CHAR(512),
    "primeira_cidade" CHAR(512),
    "vale_saida_chefe" DOUBLE,
    "adiantamento_dinh_venda" DOUBLE,
    "comissao_chefe_venda" DOUBLE,
    "data_saida_venda" DATE,
    "data_cobranca" DATE,
    "comissao_chefe_cobranca" DOUBLE,
    "devolucao_dinh_venda" DOUBLE,
    "data_chegada_venda" DATE,
    "ultima_cidade" CHAR(512),
    "ultima_data_cobranca" DATE,
    "nome_cobrador" CHAR(512),
    "comissao_cobrador" DOUBLE,
    "vale_cobrador" DOUBLE,
    "adiantamento_dinh_cobranca" DOUBLE NOT NULL DEFAULT 0.0,
    "data_saida_cobrador" DATE,
    "devolucao_dinh_cobranca" DOUBLE NOT NULL DEFAULT 0.0,
    "data_chegada_cobrador" DATE,
    "total_valor_depesa_local" DOUBLE NOT NULL DEFAULT 0.0,
    "total_valor_depesa_venda" DOUBLE NOT NULL DEFAULT 0.0,
    "total_valor_depesa_cobranca" DOUBLE NOT NULL DEFAULT 0.0,
    "total_valor_deposito" DOUBLE NOT NULL DEFAULT 0.0,
    "total_quant_pcs_envio" INTEGER NOT NULL DEFAULT 0,
    "total_preco_envio" DOUBLE NOT NULL DEFAULT 0.0,
    "total_custo_envio" DOUBLE NOT NULL DEFAULT 0.0,
    "total_quant_pcs_retorno" INTEGER NOT NULL DEFAULT 0,
    "total_preco_retorno" DOUBLE NOT NULL DEFAULT 0.0,
    "total_custo_retorno" DOUBLE NOT NULL DEFAULT 0.0,
    "total_custo_aprov_retorno" DOUBLE NOT NULL DEFAULT 0.0,
    "total_quant_pcs_devolucao" INTEGER NOT NULL DEFAULT 0,
    "total_preco_devolucao" DOUBLE NOT NULL DEFAULT 0.0,
    "total_custo_devolucao" DOUBLE NOT NULL DEFAULT 0.0,
    "total_custo_aprov_devolucao" DOUBLE NOT NULL DEFAULT 0.0,
    "total_salario" DOUBLE NOT NULL DEFAULT 0.0,
    "total_vale_saida_funcionario" DOUBLE NOT NULL DEFAULT 0.0,
    "total_vale_caderno_funcionario" DOUBLE NOT NULL DEFAULT 0.0,
    "total_recebido_chegada_funcionario" DOUBLE NOT NULL DEFAULT 0.0,
    "total_vale_saida_vendedor" DOUBLE NOT NULL DEFAULT 0.0,
    "total_vale_caderno_vendedor" DOUBLE NOT NULL DEFAULT 0.0,
    "total_venda" DOUBLE NOT NULL DEFAULT 0.0,
    "total_entradas_venda" DOUBLE NOT NULL DEFAULT 0.0,
    "total_quant_fichas" INTEGER NOT NULL DEFAULT 0,
    "total_comis_venda_vendedor" DOUBLE NOT NULL DEFAULT 0.0,
    "total_recebido_chegada_venda_vendedor" DOUBLE NOT NULL DEFAULT 0.0,
    "total_recebido_cobranca" DOUBLE NOT NULL DEFAULT 0.0,
    "total_devolvido_cobranca" DOUBLE NOT NULL DEFAULT 0.0,
    "total_prego_cobranca" DOUBLE NOT NULL DEFAULT 0.0,
    "total_recebido_chegada_cobranca_vendedor" DOUBLE NOT NULL DEFAULT 0.0,
    "is_active" CHAR(1),
    "created_on" TIMESTAMP,
    "created_by" INTEGER REFERENCES "auth_user" ("id") ON DELETE CASCADE  ,
    "modified_on" TIMESTAMP,
    "modified_by" INTEGER REFERENCES "auth_user" ("id") ON DELETE CASCADE  
);
timestamp: 2019-10-28T17:14:36.156058
CREATE TABLE "projeto"(
    "id" INTEGER PRIMARY KEY AUTOINCREMENT,
    "nome" CHAR(512) NOT NULL,
    "nome_chefe" CHAR(512),
    "primeira_cidade" CHAR(512),
    "vale_saida_chefe" DOUBLE,
    "adiantamento_dinh_venda" DOUBLE,
    "comissao_chefe_venda" DOUBLE,
    "data_saida_venda" DATE,
    "data_cobranca" DATE,
    "comissao_chefe_cobranca" DOUBLE,
    "devolucao_dinh_venda" DOUBLE,
    "data_chegada_venda" DATE,
    "ultima_cidade" CHAR(512),
    "ultima_data_cobranca" DATE,
    "nome_cobrador" CHAR(512),
    "comissao_cobrador" DOUBLE,
    "vale_cobrador" DOUBLE,
    "adiantamento_dinh_cobranca" DOUBLE NOT NULL DEFAULT 0.0,
    "data_saida_cobrador" DATE,
    "devolucao_dinh_cobranca" DOUBLE NOT NULL DEFAULT 0.0,
    "data_chegada_cobrador" DATE,
    "total_valor_depesa_local" DOUBLE NOT NULL DEFAULT 0.0,
    "total_valor_depesa_venda" DOUBLE NOT NULL DEFAULT 0.0,
    "total_valor_depesa_cobranca" DOUBLE NOT NULL DEFAULT 0.0,
    "total_valor_deposito" DOUBLE NOT NULL DEFAULT 0.0,
    "total_quant_pcs_envio" INTEGER NOT NULL DEFAULT 0,
    "total_preco_envio" DOUBLE NOT NULL DEFAULT 0.0,
    "total_custo_envio" DOUBLE NOT NULL DEFAULT 0.0,
    "total_quant_pcs_retorno" INTEGER NOT NULL DEFAULT 0,
    "total_preco_retorno" DOUBLE NOT NULL DEFAULT 0.0,
    "total_custo_retorno" DOUBLE NOT NULL DEFAULT 0.0,
    "total_custo_aprov_retorno" DOUBLE NOT NULL DEFAULT 0.0,
    "total_quant_pcs_devolucao" INTEGER NOT NULL DEFAULT 0,
    "total_preco_devolucao" DOUBLE NOT NULL DEFAULT 0.0,
    "total_custo_devolucao" DOUBLE NOT NULL DEFAULT 0.0,
    "total_custo_aprov_devolucao" DOUBLE NOT NULL DEFAULT 0.0,
    "total_salario" DOUBLE NOT NULL DEFAULT 0.0,
    "total_vale_saida_funcionario" DOUBLE NOT NULL DEFAULT 0.0,
    "total_vale_caderno_funcionario" DOUBLE NOT NULL DEFAULT 0.0,
    "total_recebido_chegada_funcionario" DOUBLE NOT NULL DEFAULT 0.0,
    "total_vale_saida_vendedor" DOUBLE NOT NULL DEFAULT 0.0,
    "total_vale_caderno_vendedor" DOUBLE NOT NULL DEFAULT 0.0,
    "total_venda" DOUBLE NOT NULL DEFAULT 0.0,
    "total_entradas_venda" DOUBLE NOT NULL DEFAULT 0.0,
    "total_quant_fichas" INTEGER NOT NULL DEFAULT 0,
    "total_comis_venda_vendedor" DOUBLE NOT NULL DEFAULT 0.0,
    "total_recebido_chegada_venda_vendedor" DOUBLE NOT NULL DEFAULT 0.0,
    "total_recebido_cobranca" DOUBLE NOT NULL DEFAULT 0.0,
    "total_devolvido_cobranca" DOUBLE NOT NULL DEFAULT 0.0,
    "total_prego_cobranca" DOUBLE NOT NULL DEFAULT 0.0,
    "total_recebido_chegada_cobranca_vendedor" DOUBLE NOT NULL DEFAULT 0.0,
    "is_active" CHAR(1),
    "created_on" TIMESTAMP,
    "created_by" INTEGER REFERENCES "auth_user" ("id") ON DELETE CASCADE  ,
    "modified_on" TIMESTAMP,
    "modified_by" INTEGER REFERENCES "auth_user" ("id") ON DELETE CASCADE  
);
timestamp: 2019-10-28T17:15:39.763625
CREATE TABLE "projeto"(
    "id" INTEGER PRIMARY KEY AUTOINCREMENT,
    "nome" CHAR(512) NOT NULL,
    "nome_chefe" CHAR(512),
    "primeira_cidade" CHAR(512),
    "vale_saida_chefe" DOUBLE,
    "adiantamento_dinh_venda" DOUBLE,
    "comissao_chefe_venda" DOUBLE,
    "data_saida_venda" DATE,
    "data_cobranca" DATE,
    "comissao_chefe_cobranca" DOUBLE,
    "devolucao_dinh_venda" DOUBLE,
    "data_chegada_venda" DATE,
    "ultima_cidade" CHAR(512),
    "ultima_data_cobranca" DATE,
    "nome_cobrador" CHAR(512),
    "comissao_cobrador" DOUBLE,
    "vale_cobrador" DOUBLE,
    "adiantamento_dinh_cobranca" DOUBLE NOT NULL DEFAULT 0.0,
    "data_saida_cobrador" DATE,
    "devolucao_dinh_cobranca" DOUBLE NOT NULL DEFAULT 0.0,
    "data_chegada_cobrador" DATE,
    "total_valor_depesa_local" DOUBLE NOT NULL DEFAULT 0.0,
    "total_valor_depesa_venda" DOUBLE NOT NULL DEFAULT 0.0,
    "total_valor_depesa_cobranca" DOUBLE NOT NULL DEFAULT 0.0,
    "total_valor_deposito" DOUBLE NOT NULL DEFAULT 0.0,
    "total_quant_pcs_envio" INTEGER NOT NULL DEFAULT 0,
    "total_preco_envio" DOUBLE NOT NULL DEFAULT 0.0,
    "total_custo_envio" DOUBLE NOT NULL DEFAULT 0.0,
    "total_quant_pcs_retorno" INTEGER NOT NULL DEFAULT 0,
    "total_preco_retorno" DOUBLE NOT NULL DEFAULT 0.0,
    "total_custo_retorno" DOUBLE NOT NULL DEFAULT 0.0,
    "total_custo_aprov_retorno" DOUBLE NOT NULL DEFAULT 0.0,
    "total_quant_pcs_devolucao" INTEGER NOT NULL DEFAULT 0,
    "total_preco_devolucao" DOUBLE NOT NULL DEFAULT 0.0,
    "total_custo_devolucao" DOUBLE NOT NULL DEFAULT 0.0,
    "total_custo_aprov_devolucao" DOUBLE NOT NULL DEFAULT 0.0,
    "total_salario" DOUBLE NOT NULL DEFAULT 0.0,
    "total_vale_saida_funcionario" DOUBLE NOT NULL DEFAULT 0.0,
    "total_vale_caderno_funcionario" DOUBLE NOT NULL DEFAULT 0.0,
    "total_recebido_chegada_funcionario" DOUBLE NOT NULL DEFAULT 0.0,
    "total_vale_saida_vendedor" DOUBLE NOT NULL DEFAULT 0.0,
    "total_vale_caderno_vendedor" DOUBLE NOT NULL DEFAULT 0.0,
    "total_venda" DOUBLE NOT NULL DEFAULT 0.0,
    "total_entradas_venda" DOUBLE NOT NULL DEFAULT 0.0,
    "total_quant_fichas" INTEGER NOT NULL DEFAULT 0,
    "total_comis_venda_vendedor" DOUBLE NOT NULL DEFAULT 0.0,
    "total_recebido_chegada_venda_vendedor" DOUBLE NOT NULL DEFAULT 0.0,
    "total_recebido_cobranca" DOUBLE NOT NULL DEFAULT 0.0,
    "total_devolvido_cobranca" DOUBLE NOT NULL DEFAULT 0.0,
    "total_prego_cobranca" DOUBLE NOT NULL DEFAULT 0.0,
    "total_recebido_chegada_cobranca_vendedor" DOUBLE NOT NULL DEFAULT 0.0,
    "is_active" CHAR(1),
    "created_on" TIMESTAMP,
    "created_by" INTEGER REFERENCES "auth_user" ("id") ON DELETE CASCADE  ,
    "modified_on" TIMESTAMP,
    "modified_by" INTEGER REFERENCES "auth_user" ("id") ON DELETE CASCADE  
);
timestamp: 2019-10-28T17:16:38.761169
CREATE TABLE "projeto"(
    "id" INTEGER PRIMARY KEY AUTOINCREMENT,
    "nome" CHAR(512) NOT NULL,
    "nome_chefe" CHAR(512),
    "primeira_cidade" CHAR(512),
    "vale_saida_chefe" DOUBLE,
    "adiantamento_dinh_venda" DOUBLE,
    "comissao_chefe_venda" DOUBLE,
    "data_saida_venda" DATE,
    "data_cobranca" DATE,
    "comissao_chefe_cobranca" DOUBLE,
    "devolucao_dinh_venda" DOUBLE,
    "data_chegada_venda" DATE,
    "ultima_cidade" CHAR(512),
    "ultima_data_cobranca" DATE,
    "nome_cobrador" CHAR(512),
    "comissao_cobrador" DOUBLE,
    "vale_cobrador" DOUBLE,
    "adiantamento_dinh_cobranca" DOUBLE NOT NULL DEFAULT 0.0,
    "data_saida_cobrador" DATE,
    "devolucao_dinh_cobranca" DOUBLE NOT NULL DEFAULT 0.0,
    "data_chegada_cobrador" DATE,
    "total_valor_depesa_local" DOUBLE NOT NULL DEFAULT 0.0,
    "total_valor_depesa_venda" DOUBLE NOT NULL DEFAULT 0.0,
    "total_valor_depesa_cobranca" DOUBLE NOT NULL DEFAULT 0.0,
    "total_valor_deposito" DOUBLE NOT NULL DEFAULT 0.0,
    "total_quant_pcs_envio" INTEGER NOT NULL DEFAULT 0,
    "total_preco_envio" DOUBLE NOT NULL DEFAULT 0.0,
    "total_custo_envio" DOUBLE NOT NULL DEFAULT 0.0,
    "total_quant_pcs_retorno" INTEGER NOT NULL DEFAULT 0,
    "total_preco_retorno" DOUBLE NOT NULL DEFAULT 0.0,
    "total_custo_retorno" DOUBLE NOT NULL DEFAULT 0.0,
    "total_custo_aprov_retorno" DOUBLE NOT NULL DEFAULT 0.0,
    "total_quant_pcs_devolucao" INTEGER NOT NULL DEFAULT 0,
    "total_preco_devolucao" DOUBLE NOT NULL DEFAULT 0.0,
    "total_custo_devolucao" DOUBLE NOT NULL DEFAULT 0.0,
    "total_custo_aprov_devolucao" DOUBLE NOT NULL DEFAULT 0.0,
    "total_salario" DOUBLE NOT NULL DEFAULT 0.0,
    "total_vale_saida_funcionario" DOUBLE NOT NULL DEFAULT 0.0,
    "total_vale_caderno_funcionario" DOUBLE NOT NULL DEFAULT 0.0,
    "total_recebido_chegada_funcionario" DOUBLE NOT NULL DEFAULT 0.0,
    "total_vale_saida_vendedor" DOUBLE NOT NULL DEFAULT 0.0,
    "total_vale_caderno_vendedor" DOUBLE NOT NULL DEFAULT 0.0,
    "total_venda" DOUBLE NOT NULL DEFAULT 0.0,
    "total_entradas_venda" DOUBLE NOT NULL DEFAULT 0.0,
    "total_quant_fichas" INTEGER NOT NULL DEFAULT 0,
    "total_comis_venda_vendedor" DOUBLE NOT NULL DEFAULT 0.0,
    "total_recebido_chegada_venda_vendedor" DOUBLE NOT NULL DEFAULT 0.0,
    "total_recebido_cobranca" DOUBLE NOT NULL DEFAULT 0.0,
    "total_devolvido_cobranca" DOUBLE NOT NULL DEFAULT 0.0,
    "total_prego_cobranca" DOUBLE NOT NULL DEFAULT 0.0,
    "total_recebido_chegada_cobranca_vendedor" DOUBLE NOT NULL DEFAULT 0.0,
    "is_active" CHAR(1),
    "created_on" TIMESTAMP,
    "created_by" INTEGER REFERENCES "auth_user" ("id") ON DELETE CASCADE  ,
    "modified_on" TIMESTAMP,
    "modified_by" INTEGER REFERENCES "auth_user" ("id") ON DELETE CASCADE  
);
timestamp: 2019-10-28T17:17:36.099228
CREATE TABLE "projeto"(
    "id" INTEGER PRIMARY KEY AUTOINCREMENT,
    "nome" CHAR(512) NOT NULL,
    "nome_chefe" CHAR(512),
    "primeira_cidade" CHAR(512),
    "vale_saida_chefe" DOUBLE,
    "adiantamento_dinh_venda" DOUBLE,
    "comissao_chefe_venda" DOUBLE,
    "data_saida_venda" DATE,
    "data_cobranca" DATE,
    "comissao_chefe_cobranca" DOUBLE,
    "devolucao_dinh_venda" DOUBLE,
    "data_chegada_venda" DATE,
    "ultima_cidade" CHAR(512),
    "ultima_data_cobranca" DATE,
    "nome_cobrador" CHAR(512),
    "comissao_cobrador" DOUBLE,
    "vale_cobrador" DOUBLE,
    "adiantamento_dinh_cobranca" DOUBLE NOT NULL DEFAULT 0.0,
    "data_saida_cobrador" DATE,
    "devolucao_dinh_cobranca" DOUBLE NOT NULL DEFAULT 0.0,
    "data_chegada_cobrador" DATE,
    "total_valor_depesa_local" DOUBLE NOT NULL DEFAULT 0.0,
    "total_valor_depesa_venda" DOUBLE NOT NULL DEFAULT 0.0,
    "total_valor_depesa_cobranca" DOUBLE NOT NULL DEFAULT 0.0,
    "total_valor_deposito" DOUBLE NOT NULL DEFAULT 0.0,
    "total_quant_pcs_envio" INTEGER NOT NULL DEFAULT 0,
    "total_preco_envio" DOUBLE NOT NULL DEFAULT 0.0,
    "total_custo_envio" DOUBLE NOT NULL DEFAULT 0.0,
    "total_quant_pcs_retorno" INTEGER NOT NULL DEFAULT 0,
    "total_preco_retorno" DOUBLE NOT NULL DEFAULT 0.0,
    "total_custo_retorno" DOUBLE NOT NULL DEFAULT 0.0,
    "total_custo_aprov_retorno" DOUBLE NOT NULL DEFAULT 0.0,
    "total_quant_pcs_devolucao" INTEGER NOT NULL DEFAULT 0,
    "total_preco_devolucao" DOUBLE NOT NULL DEFAULT 0.0,
    "total_custo_devolucao" DOUBLE NOT NULL DEFAULT 0.0,
    "total_custo_aprov_devolucao" DOUBLE NOT NULL DEFAULT 0.0,
    "total_salario" DOUBLE NOT NULL DEFAULT 0.0,
    "total_vale_saida_funcionario" DOUBLE NOT NULL DEFAULT 0.0,
    "total_vale_caderno_funcionario" DOUBLE NOT NULL DEFAULT 0.0,
    "total_recebido_chegada_funcionario" DOUBLE NOT NULL DEFAULT 0.0,
    "total_vale_saida_vendedor" DOUBLE NOT NULL DEFAULT 0.0,
    "total_vale_caderno_vendedor" DOUBLE NOT NULL DEFAULT 0.0,
    "total_venda" DOUBLE NOT NULL DEFAULT 0.0,
    "total_entradas_venda" DOUBLE NOT NULL DEFAULT 0.0,
    "total_quant_fichas" INTEGER NOT NULL DEFAULT 0,
    "total_comis_venda_vendedor" DOUBLE NOT NULL DEFAULT 0.0,
    "total_recebido_chegada_venda_vendedor" DOUBLE NOT NULL DEFAULT 0.0,
    "total_recebido_cobranca" DOUBLE NOT NULL DEFAULT 0.0,
    "total_devolvido_cobranca" DOUBLE NOT NULL DEFAULT 0.0,
    "total_prego_cobranca" DOUBLE NOT NULL DEFAULT 0.0,
    "total_recebido_chegada_cobranca_vendedor" DOUBLE NOT NULL DEFAULT 0.0,
    "is_active" CHAR(1),
    "created_on" TIMESTAMP,
    "created_by" INTEGER REFERENCES "auth_user" ("id") ON DELETE CASCADE  ,
    "modified_on" TIMESTAMP,
    "modified_by" INTEGER REFERENCES "auth_user" ("id") ON DELETE CASCADE  
);
timestamp: 2019-10-28T17:18:35.995527
CREATE TABLE "projeto"(
    "id" INTEGER PRIMARY KEY AUTOINCREMENT,
    "nome" CHAR(512) NOT NULL,
    "nome_chefe" CHAR(512),
    "primeira_cidade" CHAR(512),
    "vale_saida_chefe" DOUBLE,
    "adiantamento_dinh_venda" DOUBLE,
    "comissao_chefe_venda" DOUBLE,
    "data_saida_venda" DATE,
    "data_cobranca" DATE,
    "comissao_chefe_cobranca" DOUBLE,
    "devolucao_dinh_venda" DOUBLE,
    "data_chegada_venda" DATE,
    "ultima_cidade" CHAR(512),
    "ultima_data_cobranca" DATE,
    "nome_cobrador" CHAR(512),
    "comissao_cobrador" DOUBLE,
    "vale_cobrador" DOUBLE,
    "adiantamento_dinh_cobranca" DOUBLE NOT NULL DEFAULT 0.0,
    "data_saida_cobrador" DATE,
    "devolucao_dinh_cobranca" DOUBLE NOT NULL DEFAULT 0.0,
    "data_chegada_cobrador" DATE,
    "total_valor_depesa_local" DOUBLE NOT NULL DEFAULT 0.0,
    "total_valor_depesa_venda" DOUBLE NOT NULL DEFAULT 0.0,
    "total_valor_depesa_cobranca" DOUBLE NOT NULL DEFAULT 0.0,
    "total_valor_deposito" DOUBLE NOT NULL DEFAULT 0.0,
    "total_quant_pcs_envio" INTEGER NOT NULL DEFAULT 0,
    "total_preco_envio" DOUBLE NOT NULL DEFAULT 0.0,
    "total_custo_envio" DOUBLE NOT NULL DEFAULT 0.0,
    "total_quant_pcs_retorno" INTEGER NOT NULL DEFAULT 0,
    "total_preco_retorno" DOUBLE NOT NULL DEFAULT 0.0,
    "total_custo_retorno" DOUBLE NOT NULL DEFAULT 0.0,
    "total_custo_aprov_retorno" DOUBLE NOT NULL DEFAULT 0.0,
    "total_quant_pcs_devolucao" INTEGER NOT NULL DEFAULT 0,
    "total_preco_devolucao" DOUBLE NOT NULL DEFAULT 0.0,
    "total_custo_devolucao" DOUBLE NOT NULL DEFAULT 0.0,
    "total_custo_aprov_devolucao" DOUBLE NOT NULL DEFAULT 0.0,
    "total_salario" DOUBLE NOT NULL DEFAULT 0.0,
    "total_vale_saida_funcionario" DOUBLE NOT NULL DEFAULT 0.0,
    "total_vale_caderno_funcionario" DOUBLE NOT NULL DEFAULT 0.0,
    "total_recebido_chegada_funcionario" DOUBLE NOT NULL DEFAULT 0.0,
    "total_vale_saida_vendedor" DOUBLE NOT NULL DEFAULT 0.0,
    "total_vale_caderno_vendedor" DOUBLE NOT NULL DEFAULT 0.0,
    "total_venda" DOUBLE NOT NULL DEFAULT 0.0,
    "total_entradas_venda" DOUBLE NOT NULL DEFAULT 0.0,
    "total_quant_fichas" INTEGER NOT NULL DEFAULT 0,
    "total_comis_venda_vendedor" DOUBLE NOT NULL DEFAULT 0.0,
    "total_recebido_chegada_venda_vendedor" DOUBLE NOT NULL DEFAULT 0.0,
    "total_recebido_cobranca" DOUBLE NOT NULL DEFAULT 0.0,
    "total_devolvido_cobranca" DOUBLE NOT NULL DEFAULT 0.0,
    "total_prego_cobranca" DOUBLE NOT NULL DEFAULT 0.0,
    "total_recebido_chegada_cobranca_vendedor" DOUBLE NOT NULL DEFAULT 0.0,
    "is_active" CHAR(1),
    "created_on" TIMESTAMP,
    "created_by" INTEGER REFERENCES "auth_user" ("id") ON DELETE CASCADE  ,
    "modified_on" TIMESTAMP,
    "modified_by" INTEGER REFERENCES "auth_user" ("id") ON DELETE CASCADE  
);
timestamp: 2019-10-28T17:19:35.897322
CREATE TABLE "projeto"(
    "id" INTEGER PRIMARY KEY AUTOINCREMENT,
    "nome" CHAR(512) NOT NULL,
    "nome_chefe" CHAR(512),
    "primeira_cidade" CHAR(512),
    "vale_saida_chefe" DOUBLE,
    "adiantamento_dinh_venda" DOUBLE,
    "comissao_chefe_venda" DOUBLE,
    "data_saida_venda" DATE,
    "data_cobranca" DATE,
    "comissao_chefe_cobranca" DOUBLE,
    "devolucao_dinh_venda" DOUBLE,
    "data_chegada_venda" DATE,
    "ultima_cidade" CHAR(512),
    "ultima_data_cobranca" DATE,
    "nome_cobrador" CHAR(512),
    "comissao_cobrador" DOUBLE,
    "vale_cobrador" DOUBLE,
    "adiantamento_dinh_cobranca" DOUBLE NOT NULL DEFAULT 0.0,
    "data_saida_cobrador" DATE,
    "devolucao_dinh_cobranca" DOUBLE NOT NULL DEFAULT 0.0,
    "data_chegada_cobrador" DATE,
    "total_valor_depesa_local" DOUBLE NOT NULL DEFAULT 0.0,
    "total_valor_depesa_venda" DOUBLE NOT NULL DEFAULT 0.0,
    "total_valor_depesa_cobranca" DOUBLE NOT NULL DEFAULT 0.0,
    "total_valor_deposito" DOUBLE NOT NULL DEFAULT 0.0,
    "total_quant_pcs_envio" INTEGER NOT NULL DEFAULT 0,
    "total_preco_envio" DOUBLE NOT NULL DEFAULT 0.0,
    "total_custo_envio" DOUBLE NOT NULL DEFAULT 0.0,
    "total_quant_pcs_retorno" INTEGER NOT NULL DEFAULT 0,
    "total_preco_retorno" DOUBLE NOT NULL DEFAULT 0.0,
    "total_custo_retorno" DOUBLE NOT NULL DEFAULT 0.0,
    "total_custo_aprov_retorno" DOUBLE NOT NULL DEFAULT 0.0,
    "total_quant_pcs_devolucao" INTEGER NOT NULL DEFAULT 0,
    "total_preco_devolucao" DOUBLE NOT NULL DEFAULT 0.0,
    "total_custo_devolucao" DOUBLE NOT NULL DEFAULT 0.0,
    "total_custo_aprov_devolucao" DOUBLE NOT NULL DEFAULT 0.0,
    "total_salario" DOUBLE NOT NULL DEFAULT 0.0,
    "total_vale_saida_funcionario" DOUBLE NOT NULL DEFAULT 0.0,
    "total_vale_caderno_funcionario" DOUBLE NOT NULL DEFAULT 0.0,
    "total_recebido_chegada_funcionario" DOUBLE NOT NULL DEFAULT 0.0,
    "total_vale_saida_vendedor" DOUBLE NOT NULL DEFAULT 0.0,
    "total_vale_caderno_vendedor" DOUBLE NOT NULL DEFAULT 0.0,
    "total_venda" DOUBLE NOT NULL DEFAULT 0.0,
    "total_entradas_venda" DOUBLE NOT NULL DEFAULT 0.0,
    "total_quant_fichas" INTEGER NOT NULL DEFAULT 0,
    "total_comis_venda_vendedor" DOUBLE NOT NULL DEFAULT 0.0,
    "total_recebido_chegada_venda_vendedor" DOUBLE NOT NULL DEFAULT 0.0,
    "total_recebido_cobranca" DOUBLE NOT NULL DEFAULT 0.0,
    "total_devolvido_cobranca" DOUBLE NOT NULL DEFAULT 0.0,
    "total_prego_cobranca" DOUBLE NOT NULL DEFAULT 0.0,
    "total_recebido_chegada_cobranca_vendedor" DOUBLE NOT NULL DEFAULT 0.0,
    "is_active" CHAR(1),
    "created_on" TIMESTAMP,
    "created_by" INTEGER REFERENCES "auth_user" ("id") ON DELETE CASCADE  ,
    "modified_on" TIMESTAMP,
    "modified_by" INTEGER REFERENCES "auth_user" ("id") ON DELETE CASCADE  
);
timestamp: 2019-10-28T17:20:36.950355
CREATE TABLE "projeto"(
    "id" INTEGER PRIMARY KEY AUTOINCREMENT,
    "nome" CHAR(512) NOT NULL,
    "nome_chefe" CHAR(512),
    "primeira_cidade" CHAR(512),
    "vale_saida_chefe" DOUBLE,
    "adiantamento_dinh_venda" DOUBLE,
    "comissao_chefe_venda" DOUBLE,
    "data_saida_venda" DATE,
    "data_cobranca" DATE,
    "comissao_chefe_cobranca" DOUBLE,
    "devolucao_dinh_venda" DOUBLE,
    "data_chegada_venda" DATE,
    "ultima_cidade" CHAR(512),
    "ultima_data_cobranca" DATE,
    "nome_cobrador" CHAR(512),
    "comissao_cobrador" DOUBLE,
    "vale_cobrador" DOUBLE,
    "adiantamento_dinh_cobranca" DOUBLE NOT NULL DEFAULT 0.0,
    "data_saida_cobrador" DATE,
    "devolucao_dinh_cobranca" DOUBLE NOT NULL DEFAULT 0.0,
    "data_chegada_cobrador" DATE,
    "total_valor_depesa_local" DOUBLE NOT NULL DEFAULT 0.0,
    "total_valor_depesa_venda" DOUBLE NOT NULL DEFAULT 0.0,
    "total_valor_depesa_cobranca" DOUBLE NOT NULL DEFAULT 0.0,
    "total_valor_deposito" DOUBLE NOT NULL DEFAULT 0.0,
    "total_quant_pcs_envio" INTEGER NOT NULL DEFAULT 0,
    "total_preco_envio" DOUBLE NOT NULL DEFAULT 0.0,
    "total_custo_envio" DOUBLE NOT NULL DEFAULT 0.0,
    "total_quant_pcs_retorno" INTEGER NOT NULL DEFAULT 0,
    "total_preco_retorno" DOUBLE NOT NULL DEFAULT 0.0,
    "total_custo_retorno" DOUBLE NOT NULL DEFAULT 0.0,
    "total_custo_aprov_retorno" DOUBLE NOT NULL DEFAULT 0.0,
    "total_quant_pcs_devolucao" INTEGER NOT NULL DEFAULT 0,
    "total_preco_devolucao" DOUBLE NOT NULL DEFAULT 0.0,
    "total_custo_devolucao" DOUBLE NOT NULL DEFAULT 0.0,
    "total_custo_aprov_devolucao" DOUBLE NOT NULL DEFAULT 0.0,
    "total_salario" DOUBLE NOT NULL DEFAULT 0.0,
    "total_vale_saida_funcionario" DOUBLE NOT NULL DEFAULT 0.0,
    "total_vale_caderno_funcionario" DOUBLE NOT NULL DEFAULT 0.0,
    "total_recebido_chegada_funcionario" DOUBLE NOT NULL DEFAULT 0.0,
    "total_vale_saida_vendedor" DOUBLE NOT NULL DEFAULT 0.0,
    "total_vale_caderno_vendedor" DOUBLE NOT NULL DEFAULT 0.0,
    "total_venda" DOUBLE NOT NULL DEFAULT 0.0,
    "total_entradas_venda" DOUBLE NOT NULL DEFAULT 0.0,
    "total_quant_fichas" INTEGER NOT NULL DEFAULT 0,
    "total_comis_venda_vendedor" DOUBLE NOT NULL DEFAULT 0.0,
    "total_recebido_chegada_venda_vendedor" DOUBLE NOT NULL DEFAULT 0.0,
    "total_recebido_cobranca" DOUBLE NOT NULL DEFAULT 0.0,
    "total_devolvido_cobranca" DOUBLE NOT NULL DEFAULT 0.0,
    "total_prego_cobranca" DOUBLE NOT NULL DEFAULT 0.0,
    "total_recebido_chegada_cobranca_vendedor" DOUBLE NOT NULL DEFAULT 0.0,
    "is_active" CHAR(1),
    "created_on" TIMESTAMP,
    "created_by" INTEGER REFERENCES "auth_user" ("id") ON DELETE CASCADE  ,
    "modified_on" TIMESTAMP,
    "modified_by" INTEGER REFERENCES "auth_user" ("id") ON DELETE CASCADE  
);
timestamp: 2019-10-28T17:21:37.872180
CREATE TABLE "projeto"(
    "id" INTEGER PRIMARY KEY AUTOINCREMENT,
    "nome" CHAR(512) NOT NULL,
    "nome_chefe" CHAR(512),
    "primeira_cidade" CHAR(512),
    "vale_saida_chefe" DOUBLE,
    "adiantamento_dinh_venda" DOUBLE,
    "comissao_chefe_venda" DOUBLE,
    "data_saida_venda" DATE,
    "data_cobranca" DATE,
    "comissao_chefe_cobranca" DOUBLE,
    "devolucao_dinh_venda" DOUBLE,
    "data_chegada_venda" DATE,
    "ultima_cidade" CHAR(512),
    "ultima_data_cobranca" DATE,
    "nome_cobrador" CHAR(512),
    "comissao_cobrador" DOUBLE,
    "vale_cobrador" DOUBLE,
    "adiantamento_dinh_cobranca" DOUBLE NOT NULL DEFAULT 0.0,
    "data_saida_cobrador" DATE,
    "devolucao_dinh_cobranca" DOUBLE NOT NULL DEFAULT 0.0,
    "data_chegada_cobrador" DATE,
    "total_valor_depesa_local" DOUBLE NOT NULL DEFAULT 0.0,
    "total_valor_depesa_venda" DOUBLE NOT NULL DEFAULT 0.0,
    "total_valor_depesa_cobranca" DOUBLE NOT NULL DEFAULT 0.0,
    "total_valor_deposito" DOUBLE NOT NULL DEFAULT 0.0,
    "total_quant_pcs_envio" INTEGER NOT NULL DEFAULT 0,
    "total_preco_envio" DOUBLE NOT NULL DEFAULT 0.0,
    "total_custo_envio" DOUBLE NOT NULL DEFAULT 0.0,
    "total_quant_pcs_retorno" INTEGER NOT NULL DEFAULT 0,
    "total_preco_retorno" DOUBLE NOT NULL DEFAULT 0.0,
    "total_custo_retorno" DOUBLE NOT NULL DEFAULT 0.0,
    "total_custo_aprov_retorno" DOUBLE NOT NULL DEFAULT 0.0,
    "total_quant_pcs_devolucao" INTEGER NOT NULL DEFAULT 0,
    "total_preco_devolucao" DOUBLE NOT NULL DEFAULT 0.0,
    "total_custo_devolucao" DOUBLE NOT NULL DEFAULT 0.0,
    "total_custo_aprov_devolucao" DOUBLE NOT NULL DEFAULT 0.0,
    "total_salario" DOUBLE NOT NULL DEFAULT 0.0,
    "total_vale_saida_funcionario" DOUBLE NOT NULL DEFAULT 0.0,
    "total_vale_caderno_funcionario" DOUBLE NOT NULL DEFAULT 0.0,
    "total_recebido_chegada_funcionario" DOUBLE NOT NULL DEFAULT 0.0,
    "total_vale_saida_vendedor" DOUBLE NOT NULL DEFAULT 0.0,
    "total_vale_caderno_vendedor" DOUBLE NOT NULL DEFAULT 0.0,
    "total_venda" DOUBLE NOT NULL DEFAULT 0.0,
    "total_entradas_venda" DOUBLE NOT NULL DEFAULT 0.0,
    "total_quant_fichas" INTEGER NOT NULL DEFAULT 0,
    "total_comis_venda_vendedor" DOUBLE NOT NULL DEFAULT 0.0,
    "total_recebido_chegada_venda_vendedor" DOUBLE NOT NULL DEFAULT 0.0,
    "total_recebido_cobranca" DOUBLE NOT NULL DEFAULT 0.0,
    "total_devolvido_cobranca" DOUBLE NOT NULL DEFAULT 0.0,
    "total_prego_cobranca" DOUBLE NOT NULL DEFAULT 0.0,
    "total_recebido_chegada_cobranca_vendedor" DOUBLE NOT NULL DEFAULT 0.0,
    "is_active" CHAR(1),
    "created_on" TIMESTAMP,
    "created_by" INTEGER REFERENCES "auth_user" ("id") ON DELETE CASCADE  ,
    "modified_on" TIMESTAMP,
    "modified_by" INTEGER REFERENCES "auth_user" ("id") ON DELETE CASCADE  
);
timestamp: 2019-10-28T17:22:37.833490
CREATE TABLE "projeto"(
    "id" INTEGER PRIMARY KEY AUTOINCREMENT,
    "nome" CHAR(512) NOT NULL,
    "nome_chefe" CHAR(512),
    "primeira_cidade" CHAR(512),
    "vale_saida_chefe" DOUBLE,
    "adiantamento_dinh_venda" DOUBLE,
    "comissao_chefe_venda" DOUBLE,
    "data_saida_venda" DATE,
    "data_cobranca" DATE,
    "comissao_chefe_cobranca" DOUBLE,
    "devolucao_dinh_venda" DOUBLE,
    "data_chegada_venda" DATE,
    "ultima_cidade" CHAR(512),
    "ultima_data_cobranca" DATE,
    "nome_cobrador" CHAR(512),
    "comissao_cobrador" DOUBLE,
    "vale_cobrador" DOUBLE,
    "adiantamento_dinh_cobranca" DOUBLE NOT NULL DEFAULT 0.0,
    "data_saida_cobrador" DATE,
    "devolucao_dinh_cobranca" DOUBLE NOT NULL DEFAULT 0.0,
    "data_chegada_cobrador" DATE,
    "total_valor_depesa_local" DOUBLE NOT NULL DEFAULT 0.0,
    "total_valor_depesa_venda" DOUBLE NOT NULL DEFAULT 0.0,
    "total_valor_depesa_cobranca" DOUBLE NOT NULL DEFAULT 0.0,
    "total_valor_deposito" DOUBLE NOT NULL DEFAULT 0.0,
    "total_quant_pcs_envio" INTEGER NOT NULL DEFAULT 0,
    "total_preco_envio" DOUBLE NOT NULL DEFAULT 0.0,
    "total_custo_envio" DOUBLE NOT NULL DEFAULT 0.0,
    "total_quant_pcs_retorno" INTEGER NOT NULL DEFAULT 0,
    "total_preco_retorno" DOUBLE NOT NULL DEFAULT 0.0,
    "total_custo_retorno" DOUBLE NOT NULL DEFAULT 0.0,
    "total_custo_aprov_retorno" DOUBLE NOT NULL DEFAULT 0.0,
    "total_quant_pcs_devolucao" INTEGER NOT NULL DEFAULT 0,
    "total_preco_devolucao" DOUBLE NOT NULL DEFAULT 0.0,
    "total_custo_devolucao" DOUBLE NOT NULL DEFAULT 0.0,
    "total_custo_aprov_devolucao" DOUBLE NOT NULL DEFAULT 0.0,
    "total_salario" DOUBLE NOT NULL DEFAULT 0.0,
    "total_vale_saida_funcionario" DOUBLE NOT NULL DEFAULT 0.0,
    "total_vale_caderno_funcionario" DOUBLE NOT NULL DEFAULT 0.0,
    "total_recebido_chegada_funcionario" DOUBLE NOT NULL DEFAULT 0.0,
    "total_vale_saida_vendedor" DOUBLE NOT NULL DEFAULT 0.0,
    "total_vale_caderno_vendedor" DOUBLE NOT NULL DEFAULT 0.0,
    "total_venda" DOUBLE NOT NULL DEFAULT 0.0,
    "total_entradas_venda" DOUBLE NOT NULL DEFAULT 0.0,
    "total_quant_fichas" INTEGER NOT NULL DEFAULT 0,
    "total_comis_venda_vendedor" DOUBLE NOT NULL DEFAULT 0.0,
    "total_recebido_chegada_venda_vendedor" DOUBLE NOT NULL DEFAULT 0.0,
    "total_recebido_cobranca" DOUBLE NOT NULL DEFAULT 0.0,
    "total_devolvido_cobranca" DOUBLE NOT NULL DEFAULT 0.0,
    "total_prego_cobranca" DOUBLE NOT NULL DEFAULT 0.0,
    "total_recebido_chegada_cobranca_vendedor" DOUBLE NOT NULL DEFAULT 0.0,
    "is_active" CHAR(1),
    "created_on" TIMESTAMP,
    "created_by" INTEGER REFERENCES "auth_user" ("id") ON DELETE CASCADE  ,
    "modified_on" TIMESTAMP,
    "modified_by" INTEGER REFERENCES "auth_user" ("id") ON DELETE CASCADE  
);
timestamp: 2019-10-28T17:23:04.366541
CREATE TABLE "projeto"(
    "id" INTEGER PRIMARY KEY AUTOINCREMENT,
    "nome" CHAR(512) NOT NULL,
    "nome_chefe" CHAR(512),
    "primeira_cidade" CHAR(512),
    "vale_saida_chefe" DOUBLE,
    "adiantamento_dinh_venda" DOUBLE,
    "comissao_chefe_venda" DOUBLE,
    "data_saida_venda" DATE,
    "data_cobranca" DATE,
    "comissao_chefe_cobranca" DOUBLE,
    "devolucao_dinh_venda" DOUBLE,
    "data_chegada_venda" DATE,
    "ultima_cidade" CHAR(512),
    "ultima_data_cobranca" DATE,
    "nome_cobrador" CHAR(512),
    "comissao_cobrador" DOUBLE,
    "vale_cobrador" DOUBLE,
    "adiantamento_dinh_cobranca" DOUBLE NOT NULL DEFAULT 0.0,
    "data_saida_cobrador" DATE,
    "devolucao_dinh_cobranca" DOUBLE NOT NULL DEFAULT 0.0,
    "data_chegada_cobrador" DATE,
    "total_valor_depesa_local" DOUBLE NOT NULL DEFAULT 0.0,
    "total_valor_depesa_venda" DOUBLE NOT NULL DEFAULT 0.0,
    "total_valor_depesa_cobranca" DOUBLE NOT NULL DEFAULT 0.0,
    "total_valor_deposito" DOUBLE NOT NULL DEFAULT 0.0,
    "total_quant_pcs_envio" INTEGER NOT NULL DEFAULT 0,
    "total_preco_envio" DOUBLE NOT NULL DEFAULT 0.0,
    "total_custo_envio" DOUBLE NOT NULL DEFAULT 0.0,
    "total_quant_pcs_retorno" INTEGER NOT NULL DEFAULT 0,
    "total_preco_retorno" DOUBLE NOT NULL DEFAULT 0.0,
    "total_custo_retorno" DOUBLE NOT NULL DEFAULT 0.0,
    "total_custo_aprov_retorno" DOUBLE NOT NULL DEFAULT 0.0,
    "total_quant_pcs_devolucao" INTEGER NOT NULL DEFAULT 0,
    "total_preco_devolucao" DOUBLE NOT NULL DEFAULT 0.0,
    "total_custo_devolucao" DOUBLE NOT NULL DEFAULT 0.0,
    "total_custo_aprov_devolucao" DOUBLE NOT NULL DEFAULT 0.0,
    "total_salario" DOUBLE NOT NULL DEFAULT 0.0,
    "total_vale_saida_funcionario" DOUBLE NOT NULL DEFAULT 0.0,
    "total_vale_caderno_funcionario" DOUBLE NOT NULL DEFAULT 0.0,
    "total_recebido_chegada_funcionario" DOUBLE NOT NULL DEFAULT 0.0,
    "total_vale_saida_vendedor" DOUBLE NOT NULL DEFAULT 0.0,
    "total_vale_caderno_vendedor" DOUBLE NOT NULL DEFAULT 0.0,
    "total_venda" DOUBLE NOT NULL DEFAULT 0.0,
    "total_entradas_venda" DOUBLE NOT NULL DEFAULT 0.0,
    "total_quant_fichas" INTEGER NOT NULL DEFAULT 0,
    "total_comis_venda_vendedor" DOUBLE NOT NULL DEFAULT 0.0,
    "total_recebido_chegada_venda_vendedor" DOUBLE NOT NULL DEFAULT 0.0,
    "total_recebido_cobranca" DOUBLE NOT NULL DEFAULT 0.0,
    "total_devolvido_cobranca" DOUBLE NOT NULL DEFAULT 0.0,
    "total_prego_cobranca" DOUBLE NOT NULL DEFAULT 0.0,
    "total_recebido_chegada_cobranca_vendedor" DOUBLE NOT NULL DEFAULT 0.0,
    "is_active" CHAR(1),
    "created_on" TIMESTAMP,
    "created_by" INTEGER REFERENCES "auth_user" ("id") ON DELETE CASCADE  ,
    "modified_on" TIMESTAMP,
    "modified_by" INTEGER REFERENCES "auth_user" ("id") ON DELETE CASCADE  
);
timestamp: 2019-10-28T17:23:34.910603
CREATE TABLE "projeto"(
    "id" INTEGER PRIMARY KEY AUTOINCREMENT,
    "nome" CHAR(512) NOT NULL,
    "nome_chefe" CHAR(512),
    "primeira_cidade" CHAR(512),
    "vale_saida_chefe" DOUBLE,
    "adiantamento_dinh_venda" DOUBLE,
    "comissao_chefe_venda" DOUBLE,
    "data_saida_venda" DATE,
    "data_cobranca" DATE,
    "comissao_chefe_cobranca" DOUBLE,
    "devolucao_dinh_venda" DOUBLE,
    "data_chegada_venda" DATE,
    "ultima_cidade" CHAR(512),
    "ultima_data_cobranca" DATE,
    "nome_cobrador" CHAR(512),
    "comissao_cobrador" DOUBLE,
    "vale_cobrador" DOUBLE,
    "adiantamento_dinh_cobranca" DOUBLE NOT NULL DEFAULT 0.0,
    "data_saida_cobrador" DATE,
    "devolucao_dinh_cobranca" DOUBLE NOT NULL DEFAULT 0.0,
    "data_chegada_cobrador" DATE,
    "total_valor_depesa_local" DOUBLE NOT NULL DEFAULT 0.0,
    "total_valor_depesa_venda" DOUBLE NOT NULL DEFAULT 0.0,
    "total_valor_depesa_cobranca" DOUBLE NOT NULL DEFAULT 0.0,
    "total_valor_deposito" DOUBLE NOT NULL DEFAULT 0.0,
    "total_quant_pcs_envio" INTEGER NOT NULL DEFAULT 0,
    "total_preco_envio" DOUBLE NOT NULL DEFAULT 0.0,
    "total_custo_envio" DOUBLE NOT NULL DEFAULT 0.0,
    "total_quant_pcs_retorno" INTEGER NOT NULL DEFAULT 0,
    "total_preco_retorno" DOUBLE NOT NULL DEFAULT 0.0,
    "total_custo_retorno" DOUBLE NOT NULL DEFAULT 0.0,
    "total_custo_aprov_retorno" DOUBLE NOT NULL DEFAULT 0.0,
    "total_quant_pcs_devolucao" INTEGER NOT NULL DEFAULT 0,
    "total_preco_devolucao" DOUBLE NOT NULL DEFAULT 0.0,
    "total_custo_devolucao" DOUBLE NOT NULL DEFAULT 0.0,
    "total_custo_aprov_devolucao" DOUBLE NOT NULL DEFAULT 0.0,
    "total_salario" DOUBLE NOT NULL DEFAULT 0.0,
    "total_vale_saida_funcionario" DOUBLE NOT NULL DEFAULT 0.0,
    "total_vale_caderno_funcionario" DOUBLE NOT NULL DEFAULT 0.0,
    "total_recebido_chegada_funcionario" DOUBLE NOT NULL DEFAULT 0.0,
    "total_vale_saida_vendedor" DOUBLE NOT NULL DEFAULT 0.0,
    "total_vale_caderno_vendedor" DOUBLE NOT NULL DEFAULT 0.0,
    "total_venda" DOUBLE NOT NULL DEFAULT 0.0,
    "total_entradas_venda" DOUBLE NOT NULL DEFAULT 0.0,
    "total_quant_fichas" INTEGER NOT NULL DEFAULT 0,
    "total_comis_venda_vendedor" DOUBLE NOT NULL DEFAULT 0.0,
    "total_recebido_chegada_venda_vendedor" DOUBLE NOT NULL DEFAULT 0.0,
    "total_recebido_cobranca" DOUBLE NOT NULL DEFAULT 0.0,
    "total_devolvido_cobranca" DOUBLE NOT NULL DEFAULT 0.0,
    "total_prego_cobranca" DOUBLE NOT NULL DEFAULT 0.0,
    "total_recebido_chegada_cobranca_vendedor" DOUBLE NOT NULL DEFAULT 0.0,
    "is_active" CHAR(1),
    "created_on" TIMESTAMP,
    "created_by" INTEGER REFERENCES "auth_user" ("id") ON DELETE CASCADE  ,
    "modified_on" TIMESTAMP,
    "modified_by" INTEGER REFERENCES "auth_user" ("id") ON DELETE CASCADE  
);
timestamp: 2019-10-28T17:24:35.965720
CREATE TABLE "projeto"(
    "id" INTEGER PRIMARY KEY AUTOINCREMENT,
    "nome" CHAR(512) NOT NULL,
    "nome_chefe" CHAR(512),
    "primeira_cidade" CHAR(512),
    "vale_saida_chefe" DOUBLE,
    "adiantamento_dinh_venda" DOUBLE,
    "comissao_chefe_venda" DOUBLE,
    "data_saida_venda" DATE,
    "data_cobranca" DATE,
    "comissao_chefe_cobranca" DOUBLE,
    "devolucao_dinh_venda" DOUBLE,
    "data_chegada_venda" DATE,
    "ultima_cidade" CHAR(512),
    "ultima_data_cobranca" DATE,
    "nome_cobrador" CHAR(512),
    "comissao_cobrador" DOUBLE,
    "vale_cobrador" DOUBLE,
    "adiantamento_dinh_cobranca" DOUBLE NOT NULL DEFAULT 0.0,
    "data_saida_cobrador" DATE,
    "devolucao_dinh_cobranca" DOUBLE NOT NULL DEFAULT 0.0,
    "data_chegada_cobrador" DATE,
    "total_valor_depesa_local" DOUBLE NOT NULL DEFAULT 0.0,
    "total_valor_depesa_venda" DOUBLE NOT NULL DEFAULT 0.0,
    "total_valor_depesa_cobranca" DOUBLE NOT NULL DEFAULT 0.0,
    "total_valor_deposito" DOUBLE NOT NULL DEFAULT 0.0,
    "total_quant_pcs_envio" INTEGER NOT NULL DEFAULT 0,
    "total_preco_envio" DOUBLE NOT NULL DEFAULT 0.0,
    "total_custo_envio" DOUBLE NOT NULL DEFAULT 0.0,
    "total_quant_pcs_retorno" INTEGER NOT NULL DEFAULT 0,
    "total_preco_retorno" DOUBLE NOT NULL DEFAULT 0.0,
    "total_custo_retorno" DOUBLE NOT NULL DEFAULT 0.0,
    "total_custo_aprov_retorno" DOUBLE NOT NULL DEFAULT 0.0,
    "total_quant_pcs_devolucao" INTEGER NOT NULL DEFAULT 0,
    "total_preco_devolucao" DOUBLE NOT NULL DEFAULT 0.0,
    "total_custo_devolucao" DOUBLE NOT NULL DEFAULT 0.0,
    "total_custo_aprov_devolucao" DOUBLE NOT NULL DEFAULT 0.0,
    "total_salario" DOUBLE NOT NULL DEFAULT 0.0,
    "total_vale_saida_funcionario" DOUBLE NOT NULL DEFAULT 0.0,
    "total_vale_caderno_funcionario" DOUBLE NOT NULL DEFAULT 0.0,
    "total_recebido_chegada_funcionario" DOUBLE NOT NULL DEFAULT 0.0,
    "total_vale_saida_vendedor" DOUBLE NOT NULL DEFAULT 0.0,
    "total_vale_caderno_vendedor" DOUBLE NOT NULL DEFAULT 0.0,
    "total_venda" DOUBLE NOT NULL DEFAULT 0.0,
    "total_entradas_venda" DOUBLE NOT NULL DEFAULT 0.0,
    "total_quant_fichas" INTEGER NOT NULL DEFAULT 0,
    "total_comis_venda_vendedor" DOUBLE NOT NULL DEFAULT 0.0,
    "total_recebido_chegada_venda_vendedor" DOUBLE NOT NULL DEFAULT 0.0,
    "total_recebido_cobranca" DOUBLE NOT NULL DEFAULT 0.0,
    "total_devolvido_cobranca" DOUBLE NOT NULL DEFAULT 0.0,
    "total_prego_cobranca" DOUBLE NOT NULL DEFAULT 0.0,
    "total_recebido_chegada_cobranca_vendedor" DOUBLE NOT NULL DEFAULT 0.0,
    "is_active" CHAR(1),
    "created_on" TIMESTAMP,
    "created_by" INTEGER REFERENCES "auth_user" ("id") ON DELETE CASCADE  ,
    "modified_on" TIMESTAMP,
    "modified_by" INTEGER REFERENCES "auth_user" ("id") ON DELETE CASCADE  
);
timestamp: 2019-10-28T17:25:36.103779
CREATE TABLE "projeto"(
    "id" INTEGER PRIMARY KEY AUTOINCREMENT,
    "nome" CHAR(512) NOT NULL,
    "nome_chefe" CHAR(512),
    "primeira_cidade" CHAR(512),
    "vale_saida_chefe" DOUBLE,
    "adiantamento_dinh_venda" DOUBLE,
    "comissao_chefe_venda" DOUBLE,
    "data_saida_venda" DATE,
    "data_cobranca" DATE,
    "comissao_chefe_cobranca" DOUBLE,
    "devolucao_dinh_venda" DOUBLE,
    "data_chegada_venda" DATE,
    "ultima_cidade" CHAR(512),
    "ultima_data_cobranca" DATE,
    "nome_cobrador" CHAR(512),
    "comissao_cobrador" DOUBLE,
    "vale_cobrador" DOUBLE,
    "adiantamento_dinh_cobranca" DOUBLE NOT NULL DEFAULT 0.0,
    "data_saida_cobrador" DATE,
    "devolucao_dinh_cobranca" DOUBLE NOT NULL DEFAULT 0.0,
    "data_chegada_cobrador" DATE,
    "total_valor_depesa_local" DOUBLE NOT NULL DEFAULT 0.0,
    "total_valor_depesa_venda" DOUBLE NOT NULL DEFAULT 0.0,
    "total_valor_depesa_cobranca" DOUBLE NOT NULL DEFAULT 0.0,
    "total_valor_deposito" DOUBLE NOT NULL DEFAULT 0.0,
    "total_quant_pcs_envio" INTEGER NOT NULL DEFAULT 0,
    "total_preco_envio" DOUBLE NOT NULL DEFAULT 0.0,
    "total_custo_envio" DOUBLE NOT NULL DEFAULT 0.0,
    "total_quant_pcs_retorno" INTEGER NOT NULL DEFAULT 0,
    "total_preco_retorno" DOUBLE NOT NULL DEFAULT 0.0,
    "total_custo_retorno" DOUBLE NOT NULL DEFAULT 0.0,
    "total_custo_aprov_retorno" DOUBLE NOT NULL DEFAULT 0.0,
    "total_quant_pcs_devolucao" INTEGER NOT NULL DEFAULT 0,
    "total_preco_devolucao" DOUBLE NOT NULL DEFAULT 0.0,
    "total_custo_devolucao" DOUBLE NOT NULL DEFAULT 0.0,
    "total_custo_aprov_devolucao" DOUBLE NOT NULL DEFAULT 0.0,
    "total_salario" DOUBLE NOT NULL DEFAULT 0.0,
    "total_vale_saida_funcionario" DOUBLE NOT NULL DEFAULT 0.0,
    "total_vale_caderno_funcionario" DOUBLE NOT NULL DEFAULT 0.0,
    "total_recebido_chegada_funcionario" DOUBLE NOT NULL DEFAULT 0.0,
    "total_vale_saida_vendedor" DOUBLE NOT NULL DEFAULT 0.0,
    "total_vale_caderno_vendedor" DOUBLE NOT NULL DEFAULT 0.0,
    "total_venda" DOUBLE NOT NULL DEFAULT 0.0,
    "total_entradas_venda" DOUBLE NOT NULL DEFAULT 0.0,
    "total_quant_fichas" INTEGER NOT NULL DEFAULT 0,
    "total_comis_venda_vendedor" DOUBLE NOT NULL DEFAULT 0.0,
    "total_recebido_chegada_venda_vendedor" DOUBLE NOT NULL DEFAULT 0.0,
    "total_recebido_cobranca" DOUBLE NOT NULL DEFAULT 0.0,
    "total_devolvido_cobranca" DOUBLE NOT NULL DEFAULT 0.0,
    "total_prego_cobranca" DOUBLE NOT NULL DEFAULT 0.0,
    "total_recebido_chegada_cobranca_vendedor" DOUBLE NOT NULL DEFAULT 0.0,
    "is_active" CHAR(1),
    "created_on" TIMESTAMP,
    "created_by" INTEGER REFERENCES "auth_user" ("id") ON DELETE CASCADE  ,
    "modified_on" TIMESTAMP,
    "modified_by" INTEGER REFERENCES "auth_user" ("id") ON DELETE CASCADE  
);
