[2019-10-19 03:36:59] START
[2019-10-21 13:54:48] CREATE tables.py: 0
[2019-10-21 13:55:01] CREATE validators.py: 0
[2019-10-21 14:40:38] EDIT monitoring/models/tables.py: 59
[2019-10-21 14:43:11] EDIT monitoring/models/tables.py: 0
[2019-10-21 15:01:40] EDIT monitoring/models/tables.py: 2
[2019-10-21 15:02:08] EDIT monitoring/models/tables.py: 0
[2019-10-21 15:04:15] EDIT monitoring/models/tables.py: 6
[2019-10-21 15:06:52] EDIT monitoring/models/tables.py: 11
[2019-10-21 15:08:58] EDIT monitoring/models/tables.py: 9
[2019-10-21 15:11:45] EDIT monitoring/models/tables.py: 16
[2019-10-21 15:12:43] EDIT monitoring/models/tables.py: 0
[2019-10-21 15:16:03] EDIT monitoring/models/tables.py: 0
[2019-10-21 15:17:20] EDIT monitoring/models/tables.py: 0
[2019-10-21 15:18:02] EDIT monitoring/models/tables.py: 0
[2019-10-21 15:21:57] EDIT monitoring/models/tables.py: 6
[2019-10-21 15:25:55] EDIT monitoring/models/tables.py: 0
[2019-10-21 16:24:41] CREATE projeto.py: 0
[2019-10-21 16:25:04] EDIT monitoring/controllers/projeto.py: 1
[2019-10-21 16:25:25] CREATE projeto/prestacao_venda.html: 0
[2019-10-21 16:25:46] EDIT monitoring/views/projeto/prestacao_venda.html: 126
[2019-10-21 16:26:49] EDIT monitoring/models/menu.py: -94
[2019-10-21 16:27:41] EDIT monitoring/views/layout.html: 0
[2019-10-21 16:27:54] EDIT monitoring/views/layout.html: -3
[2019-10-21 16:28:14] EDIT monitoring/views/layout.html: 0
[2019-10-21 16:38:35] EDIT monitoring/views/default/index.html: -34
[2019-10-21 16:38:51] EDIT monitoring/views/default/index.html: 2
[2019-10-21 16:39:47] EDIT monitoring/views/default/index.html: 0
[2019-10-21 16:40:11] EDIT monitoring/views/default/index.html: 0
[2019-10-21 16:40:38] EDIT monitoring/views/default/index.html: 0
[2019-10-21 16:41:08] EDIT monitoring/views/default/index.html: 0
[2019-10-21 16:42:05] EDIT monitoring/views/default/index.html: 5
[2019-10-21 16:42:20] EDIT monitoring/views/default/index.html: 0
[2019-10-21 16:42:47] EDIT monitoring/views/default/index.html: 1
[2019-10-21 16:44:07] EDIT monitoring/views/default/index.html: 44
[2019-10-21 16:45:05] EDIT monitoring/controllers/default.py: -1
[2019-10-21 16:45:40] EDIT monitoring/controllers/default.py: 1
[2019-10-21 16:54:52] EDIT monitoring/controllers/projeto.py: 2
[2019-10-21 16:55:28] CREATE projeto/prestacao_cobranca.html: 0
[2019-10-21 16:55:46] EDIT monitoring/views/projeto/prestacao_cobranca.html: 116
[2019-10-21 16:56:49] EDIT monitoring/views/default/index.html: 2
[2019-10-21 16:57:05] EDIT monitoring/views/default/index.html: 0
[2019-10-21 16:57:48] EDIT monitoring/views/default/index.html: 3
[2019-10-21 17:21:11] EDIT monitoring/controllers/projeto.py: 2
[2019-10-21 17:21:41] CREATE projeto/acesso_geral_projeto.html: 0
[2019-10-21 17:21:54] EDIT monitoring/views/projeto/acesso_geral_projeto.html: 20
[2019-10-21 17:22:34] EDIT monitoring/views/projeto/acesso_geral_projeto.html: 14
[2019-10-21 17:23:26] EDIT monitoring/views/default/index.html: 0
[2019-10-21 21:11:50] EDIT monitoring/views/default/index.html: -2
[2019-10-21 21:12:13] EDIT monitoring/views/default/index.html: 1
[2019-10-21 21:12:43] EDIT monitoring/views/default/index.html: 3
[2019-10-21 21:14:45] EDIT monitoring/views/default/index.html: 0
[2019-10-21 21:15:40] EDIT monitoring/controllers/projeto.py: 2
[2019-10-21 21:15:48] EDIT monitoring/views/default/index.html: 0
[2019-10-21 21:16:11] EDIT monitoring/views/default/index.html: 0
[2019-10-21 21:17:33] EDIT monitoring/views/default/index.html: 0
[2019-10-21 21:18:21] CREATE projeto/listar_projetos.html.py: 0
[2019-10-21 21:18:31] CREATE projeto/listar_projetos.html: 0
[2019-10-21 21:18:38] EDIT monitoring/views/projeto/listar_projetos.html: -2
[2019-10-21 21:20:06] EDIT monitoring/views/projeto/listar_projetos.html: 36
[2019-10-21 21:20:58] EDIT monitoring/controllers/projeto.py: 1
[2019-10-21 21:21:12] EDIT monitoring/controllers/projeto.py: 0
[2019-10-21 21:21:12] EDIT monitoring/controllers/projeto.py: 0
[2019-10-21 21:21:23] EDIT monitoring/controllers/projeto.py: 0
[2019-10-21 21:21:48] EDIT monitoring/controllers/projeto.py: 0
[2019-10-21 21:24:14] EDIT monitoring/controllers/projeto.py: 11
[2019-10-21 21:24:51] CREATE projeto/criar_projeto.html.py: 0
[2019-10-21 21:25:07] CREATE projeto/criar_projeto.html: 0
[2019-10-21 21:25:47] EDIT monitoring/views/projeto/criar_projeto.html: 12
[2019-10-21 21:25:51] EDIT monitoring/views/projeto/criar_projeto.html: -1
[2019-10-21 21:26:52] DELETE monitoring/models/projeto/criar_projeto.html.py: 0
[2019-10-21 21:26:59] DELETE monitoring/controllers/projeto/listar_projetos.html.py: -1
[2019-10-21 21:28:38] EDIT monitoring/controllers/projeto.py: 0
[2019-10-21 21:31:57] EDIT monitoring/models/tables.py: 0
[2019-10-21 21:35:13] EDIT monitoring/models/tables.py: 0
[2019-10-22 01:16:11] EDIT monitoring/models/tables.py: 0
[2019-10-22 01:18:21] EDIT monitoring/models/tables.py: 0
[2019-10-22 01:22:06] EDIT monitoring/models/tables.py: 0
[2019-10-22 02:08:17] EDIT monitoring/controllers/projeto.py: 2
[2019-10-22 02:08:47] EDIT monitoring/controllers/projeto.py: 11
[2019-10-22 02:08:51] EDIT monitoring/controllers/projeto.py: -1
[2019-10-22 02:09:06] EDIT monitoring/controllers/projeto.py: 0
[2019-10-22 02:09:44] EDIT monitoring/controllers/projeto.py: 0
[2019-10-22 02:09:48] EDIT monitoring/controllers/projeto.py: 0
[2019-10-22 02:10:19] CREATE projeto/alterar_projeto.html: 0
[2019-10-22 02:11:11] EDIT monitoring/views/projeto/alterar_projeto.html: 11
[2019-10-23 00:45:35] EDIT monitoring/controllers/projeto.py: 22
[2019-10-23 00:46:18] EDIT monitoring/controllers/projeto.py: 0
[2019-10-23 00:46:41] EDIT monitoring/controllers/projeto.py: 0
[2019-10-23 00:46:49] EDIT monitoring/controllers/projeto.py: 0
[2019-10-23 00:47:13] EDIT monitoring/controllers/projeto.py: 0
[2019-10-23 00:47:16] EDIT monitoring/controllers/projeto.py: 0
[2019-10-23 00:47:32] EDIT monitoring/controllers/projeto.py: 0
[2019-10-23 00:48:23] EDIT monitoring/controllers/projeto.py: 0
[2019-10-23 00:48:40] EDIT monitoring/controllers/projeto.py: 0
[2019-10-23 00:50:03] EDIT monitoring/controllers/projeto.py: -2
[2019-10-23 00:53:25] EDIT monitoring/controllers/projeto.py: 2
[2019-10-23 00:53:26] EDIT monitoring/controllers/projeto.py: 0
[2019-10-23 00:53:42] EDIT monitoring/controllers/projeto.py: 0
[2019-10-23 00:55:54] EDIT monitoring/controllers/projeto.py: 0
[2019-10-23 00:56:12] EDIT monitoring/controllers/projeto.py: 0
[2019-10-23 00:56:30] EDIT monitoring/controllers/projeto.py: 0
[2019-10-23 00:57:54] EDIT monitoring/controllers/projeto.py: 0
[2019-10-23 00:59:55] EDIT monitoring/controllers/projeto.py: 22
[2019-10-23 01:02:00] EDIT monitoring/views/projeto/listar_projetos.html: 0
[2019-10-23 01:05:18] EDIT monitoring/views/projeto/acesso_geral_projeto.html: 9
[2019-10-23 01:18:40] EDIT monitoring/views/projeto/acesso_geral_projeto.html: 6
[2019-10-23 01:23:29] EDIT monitoring/views/projeto/acesso_geral_projeto.html: 0
[2019-10-23 01:25:22] CREATE mercadoria.py: 0
[2019-10-23 01:27:02] EDIT monitoring/controllers/mercadoria.py: 3
[2019-10-23 01:28:21] EDIT monitoring/controllers/mercadoria.py: 0
[2019-10-23 01:31:03] EDIT monitoring/views/projeto/acesso_geral_projeto.html: 0
[2019-10-23 01:32:39] EDIT monitoring/controllers/projeto.py: 1
[2019-10-23 01:32:52] EDIT monitoring/views/projeto/acesso_geral_projeto.html: 0
[2019-10-23 01:33:59] EDIT monitoring/views/projeto/acesso_geral_projeto.html: 0
[2019-10-23 01:34:17] EDIT monitoring/views/projeto/acesso_geral_projeto.html: 0
[2019-10-23 01:36:34] EDIT monitoring/controllers/mercadoria.py: 0
[2019-10-23 01:37:08] CREATE mercadoria/listar_merc_envio.html: 0
[2019-10-23 01:37:50] EDIT monitoring/controllers/mercadoria.py: 0
[2019-10-23 01:39:13] EDIT monitoring/controllers/mercadoria.py: 0
[2019-10-23 01:40:51] EDIT monitoring/controllers/mercadoria.py: 0
[2019-10-23 01:42:17] EDIT monitoring/controllers/mercadoria.py: 0
[2019-10-23 01:43:08] EDIT monitoring/views/mercadoria/listar_merc_envio.html: 42
[2019-10-23 01:44:29] EDIT monitoring/views/mercadoria/listar_merc_envio.html: 0
[2019-10-23 01:45:44] EDIT monitoring/views/mercadoria/listar_merc_envio.html: 0
[2019-10-23 01:47:36] EDIT monitoring/views/mercadoria/listar_merc_envio.html: 1
[2019-10-23 01:49:20] EDIT monitoring/controllers/mercadoria.py: 15
[2019-10-23 01:51:13] EDIT monitoring/controllers/mercadoria.py: 6
[2019-10-23 01:52:16] EDIT monitoring/controllers/mercadoria.py: 0
[2019-10-23 01:53:41] EDIT monitoring/controllers/mercadoria.py: 0
[2019-10-23 01:54:13] CREATE mercadoria/inserir_merc_envio.html: 0
[2019-10-23 01:55:28] EDIT monitoring/views/mercadoria/inserir_merc_envio.html: 0
[2019-10-23 01:56:14] EDIT monitoring/controllers/mercadoria.py: 2
[2019-10-23 01:56:21] EDIT monitoring/controllers/mercadoria.py: -1
[2019-10-23 01:56:30] EDIT monitoring/controllers/mercadoria.py: 1
[2019-10-23 01:56:50] EDIT monitoring/controllers/mercadoria.py: -1
[2019-10-24 02:17:39] EDIT monitoring/models/tables.py: 0
[2019-10-24 02:22:27] EDIT monitoring/controllers/mercadoria.py: 15
[2019-10-24 02:23:28] EDIT monitoring/controllers/mercadoria.py: 0
[2019-10-24 02:23:52] CREATE mercadoria/alterar_merc_enviada.html: 0
[2019-10-24 02:24:29] EDIT monitoring/views/mercadoria/alterar_merc_enviada.html: 0
[2019-10-24 02:25:05] EDIT monitoring/controllers/mercadoria.py: 8
[2019-10-24 02:29:12] EDIT monitoring/views/projeto/acesso_geral_projeto.html: 0
[2019-10-24 02:31:20] EDIT monitoring/controllers/mercadoria.py: 8
[2019-10-24 02:31:52] CREATE mercadoria/listar_merc_retorno.html: 0
[2019-10-24 02:34:21] EDIT monitoring/views/mercadoria/listar_merc_retorno.html: 43
[2019-10-24 02:36:08] EDIT monitoring/views/mercadoria/listar_merc_retorno.html: 0
[2019-10-24 02:40:14] EDIT monitoring/models/tables.py: 0
[2019-10-24 02:40:53] EDIT monitoring/models/tables.py: 0
[2019-10-24 02:40:55] EDIT monitoring/models/tables.py: 0
[2019-10-24 02:45:01] EDIT monitoring/models/tables.py: 0
[2019-10-24 02:50:35] EDIT monitoring/views/mercadoria/listar_merc_retorno.html: -1
[2019-10-24 02:59:48] EDIT monitoring/views/mercadoria/listar_merc_retorno.html: -2
[2019-10-24 03:00:18] EDIT monitoring/views/mercadoria/listar_merc_retorno.html: 0
[2019-10-24 03:00:46] EDIT monitoring/views/mercadoria/listar_merc_retorno.html: 0
[2019-10-24 03:01:27] EDIT monitoring/views/mercadoria/listar_merc_retorno.html: -1
[2019-10-24 03:03:03] EDIT monitoring/models/tables.py: 0
[2019-10-24 03:07:52] EDIT monitoring/models/tables.py: 0
[2019-10-24 03:12:18] EDIT monitoring/views/mercadoria/listar_merc_retorno.html: 3
[2019-10-24 03:13:45] EDIT monitoring/controllers/mercadoria.py: 23
[2019-10-24 03:13:53] EDIT monitoring/views/mercadoria/listar_merc_retorno.html: 0
[2019-10-24 03:15:10] EDIT monitoring/controllers/mercadoria.py: 0
[2019-10-24 03:15:58] CREATE mercadoria/alterar_merc_retorno.html: 0
[2019-10-24 03:16:21] EDIT monitoring/views/mercadoria/alterar_merc_retorno.html: 0
[2019-10-24 03:16:59] EDIT monitoring/controllers/mercadoria.py: 2
[2019-10-24 03:17:27] EDIT monitoring/controllers/mercadoria.py: 2
[2019-10-24 03:18:05] EDIT monitoring/controllers/mercadoria.py: 0
[2019-10-24 03:19:16] EDIT monitoring/controllers/mercadoria.py: 0
[2019-10-24 03:31:38] CREATE mercadoria/listar_merc_devolucao.html: 0
[2019-10-24 03:34:52] EDIT monitoring/views/mercadoria/listar_merc_devolucao.html: 42
[2019-10-24 03:35:39] EDIT monitoring/views/mercadoria/listar_merc_devolucao.html: 0
[2019-10-24 03:35:56] EDIT monitoring/controllers/mercadoria.py: 27
[2019-10-24 03:36:13] EDIT monitoring/controllers/mercadoria.py: 0
[2019-10-24 03:37:03] EDIT monitoring/controllers/mercadoria.py: 0
[2019-10-24 03:38:02] CREATE mercadoria/alterar_merc_devolucao.html: 0
[2019-10-24 03:38:29] EDIT monitoring/views/mercadoria/alterar_merc_devolucao.html: 0
[2019-10-24 03:39:37] EDIT monitoring/controllers/mercadoria.py: 0
[2019-10-24 03:44:13] EDIT monitoring/views/projeto/acesso_geral_projeto.html: 1
[2019-10-24 03:44:45] EDIT monitoring/views/projeto/acesso_geral_projeto.html: 0
[2019-10-24 03:44:59] EDIT monitoring/views/mercadoria/listar_merc_retorno.html: 15
[2019-10-24 03:45:05] EDIT monitoring/views/mercadoria/listar_merc_envio.html: 15
[2019-10-24 03:45:10] EDIT monitoring/views/mercadoria/listar_merc_devolucao.html: 15
[2019-10-24 03:45:52] EDIT monitoring/views/mercadoria/listar_merc_devolucao.html: 0
[2019-10-24 03:45:57] EDIT monitoring/views/mercadoria/listar_merc_envio.html: 0
[2019-10-24 03:46:04] EDIT monitoring/views/mercadoria/listar_merc_retorno.html: 0
[2019-10-24 03:47:37] EDIT monitoring/views/mercadoria/listar_merc_envio.html: 0
[2019-10-24 03:47:46] EDIT monitoring/views/mercadoria/listar_merc_retorno.html: 0
[2019-10-24 03:47:52] EDIT monitoring/views/mercadoria/listar_merc_devolucao.html: 0
[2019-10-24 03:48:25] EDIT monitoring/views/projeto/acesso_geral_projeto.html: 0
[2019-10-24 22:17:38] CREATE equipe.py: 0
[2019-10-24 22:20:44] EDIT monitoring/models/tables.py: 0
[2019-10-24 22:22:33] EDIT monitoring/models/tables.py: 0
[2019-10-24 22:23:19] EDIT monitoring/models/tables.py: 0
[2019-10-24 22:23:23] EDIT monitoring/models/tables.py: 0
[2019-10-24 22:25:41] EDIT monitoring/views/projeto/acesso_geral_projeto.html: 0
[2019-10-24 22:29:06] EDIT monitoring/controllers/equipe.py: 3
[2019-10-24 22:29:18] EDIT monitoring/controllers/equipe.py: 0
[2019-10-24 22:29:59] CREATE equipe/listar_vendedor.html: 0
[2019-10-24 22:30:23] EDIT monitoring/views/equipe/listar_vendedor.html: 36
[2019-10-24 22:31:13] EDIT monitoring/views/equipe/listar_vendedor.html: 14
[2019-10-24 22:31:57] EDIT monitoring/views/equipe/listar_vendedor.html: 0
[2019-10-24 22:33:02] EDIT monitoring/views/equipe/listar_vendedor.html: 0
[2019-10-24 22:34:28] EDIT monitoring/views/equipe/listar_vendedor.html: -6
[2019-10-24 22:34:56] EDIT monitoring/views/equipe/listar_vendedor.html: -5
[2019-10-24 22:35:59] EDIT monitoring/controllers/equipe.py: 15
[2019-10-24 22:36:27] CREATE equipe/inserir_vendedor.html: 0
[2019-10-24 22:37:14] EDIT monitoring/views/equipe/inserir_vendedor.html: 0
[2019-10-24 22:37:42] EDIT monitoring/controllers/equipe.py: 0
[2019-10-24 22:38:58] EDIT monitoring/views/equipe/inserir_vendedor.html: 15
[2019-10-24 22:41:43] EDIT monitoring/controllers/equipe.py: 4
[2019-10-24 22:42:01] EDIT monitoring/controllers/equipe.py: 0
[2019-10-24 22:42:26] CREATE equipe/listar_venda.html: 0
[2019-10-24 22:43:41] EDIT monitoring/views/equipe/listar_venda.html: 54
[2019-10-24 22:44:16] EDIT monitoring/controllers/equipe.py: 0
[2019-10-24 22:45:44] EDIT monitoring/controllers/equipe.py: 0
[2019-10-24 22:47:07] EDIT monitoring/views/equipe/listar_venda.html: 0
[2019-10-24 22:51:29] EDIT monitoring/views/equipe/listar_venda.html: 0
[2019-10-24 22:52:05] EDIT monitoring/views/equipe/listar_venda.html: 0
[2019-10-24 22:52:10] EDIT monitoring/views/equipe/listar_venda.html: 0
[2019-10-24 22:53:05] EDIT monitoring/views/equipe/listar_venda.html: 13
[2019-10-24 22:53:25] EDIT monitoring/views/equipe/listar_venda.html: 0
[2019-10-24 22:54:34] EDIT monitoring/views/equipe/listar_venda.html: 0
[2019-10-24 22:56:57] EDIT monitoring/views/equipe/listar_venda.html: 2
[2019-10-24 22:58:00] EDIT monitoring/views/equipe/listar_venda.html: 0
[2019-10-24 23:01:27] EDIT monitoring/controllers/equipe.py: 16
[2019-10-24 23:02:14] EDIT monitoring/views/equipe/listar_vendedor.html: 0
[2019-10-24 23:03:37] CREATE equipe/alterar_vendedor.html: 0
[2019-10-24 23:04:07] EDIT monitoring/views/equipe/alterar_vendedor.html: 0
[2019-10-24 23:05:04] EDIT monitoring/controllers/equipe.py: 0
[2019-10-24 23:06:46] EDIT monitoring/views/equipe/listar_vendedor.html: -1
[2019-10-24 23:10:52] EDIT monitoring/controllers/equipe.py: 16
[2019-10-24 23:11:34] CREATE equipe/alterar_vendedor_venda.html: 0
[2019-10-24 23:13:26] EDIT monitoring/views/equipe/alterar_vendedor_venda.html: 0
[2019-10-24 23:17:19] EDIT monitoring/controllers/equipe.py: 12
[2019-10-24 23:19:04] EDIT monitoring/controllers/equipe.py: 0
[2019-10-24 23:20:06] EDIT monitoring/controllers/equipe.py: 0
[2019-10-24 23:20:49] EDIT monitoring/controllers/equipe.py: 0
[2019-10-24 23:20:50] EDIT monitoring/controllers/equipe.py: 0
[2019-10-24 23:22:10] EDIT monitoring/controllers/equipe.py: 0
[2019-10-24 23:28:34] EDIT monitoring/controllers/equipe.py: -2
[2019-10-24 23:28:45] EDIT monitoring/controllers/equipe.py: 2
[2019-10-24 23:28:54] EDIT monitoring/controllers/equipe.py: 0
[2019-10-24 23:28:56] EDIT monitoring/controllers/equipe.py: 0
[2019-10-24 23:29:08] EDIT monitoring/controllers/equipe.py: 0
[2019-10-24 23:29:35] EDIT monitoring/controllers/equipe.py: 0
[2019-10-24 23:29:43] EDIT monitoring/controllers/equipe.py: 0
[2019-10-24 23:30:54] EDIT monitoring/controllers/equipe.py: 2
[2019-10-24 23:31:03] EDIT monitoring/controllers/equipe.py: 0
[2019-10-24 23:31:30] EDIT monitoring/controllers/equipe.py: 0
[2019-10-24 23:32:43] EDIT monitoring/models/tables.py: 0
[2019-10-24 23:34:43] EDIT monitoring/controllers/equipe.py: 2
[2019-10-24 23:50:32] EDIT monitoring/controllers/equipe.py: 4
[2019-10-24 23:51:17] CREATE equipe/listar_cobranca.html: 0
[2019-10-24 23:57:06] EDIT monitoring/views/equipe/listar_cobranca.html: 39
[2019-10-25 00:00:20] EDIT monitoring/views/equipe/listar_cobranca.html: 15
[2019-10-25 00:02:58] EDIT monitoring/controllers/equipe.py: 22
[2019-10-25 00:07:17] EDIT monitoring/controllers/equipe.py: 0
[2019-10-25 00:07:46] CREATE equipe/alterar_vendedor_cobranca.html: 0
[2019-10-25 00:08:23] EDIT monitoring/views/equipe/alterar_vendedor_cobranca.html: 0
[2019-10-25 00:22:05] UPLOAD /home/rogoberto/web2py/applications/monitoring/static/images/1.jpg: 30
[2019-10-25 00:23:45] EDIT monitoring/views/default/index.html: 1
[2019-10-25 00:24:18] EDIT monitoring/views/default/index.html: 0
[2019-10-25 00:25:11] EDIT monitoring/views/default/index.html: 0
[2019-10-25 00:25:31] EDIT monitoring/views/default/index.html: 0
[2019-10-25 00:26:45] EDIT monitoring/views/layout.html: 1
[2019-10-25 00:27:27] EDIT monitoring/views/layout.html: -1
[2019-10-25 00:28:10] EDIT monitoring/views/layout.html: 1
[2019-10-25 00:32:55] EDIT monitoring/views/layout.html: 0
[2019-10-25 00:33:31] EDIT monitoring/views/layout.html: 0
[2019-10-25 00:46:51] EDIT monitoring/views/default/index.html: 13
[2019-10-25 00:48:43] EDIT monitoring/views/default/index.html: 0
[2019-10-25 00:49:47] EDIT monitoring/views/default/index.html: 0
[2019-10-25 00:51:16] EDIT monitoring/views/default/index.html: 0
[2019-10-25 01:33:08] CREATE desepesa.py: 0
[2019-10-25 01:33:17] CREATE despesa.py: 0
[2019-10-25 01:33:33] DELETE monitoring/controllers/desepesa.py: -1
[2019-10-25 01:35:10] EDIT monitoring/views/projeto/acesso_geral_projeto.html: 0
[2019-10-25 01:35:30] EDIT monitoring/views/projeto/acesso_geral_projeto.html: 0
[2019-10-25 01:37:30] EDIT monitoring/controllers/despesa.py: 11
[2019-10-25 01:37:52] EDIT monitoring/controllers/despesa.py: 0
[2019-10-25 01:38:28] EDIT monitoring/controllers/despesa.py: 0
[2019-10-25 01:39:25] EDIT monitoring/controllers/despesa.py: 0
[2019-10-25 01:43:59] EDIT monitoring/controllers/despesa.py: 0
[2019-10-25 01:44:24] CREATE despesa/listar_desp_local.html: 0
[2019-10-25 01:46:28] EDIT monitoring/views/despesa/listar_desp_local.html: 20
[2019-10-25 01:47:47] EDIT monitoring/models/tables.py: 0
[2019-10-25 01:47:50] EDIT monitoring/models/tables.py: 0
[2019-10-25 01:48:26] EDIT monitoring/controllers/despesa.py: 0
[2019-10-25 01:49:30] EDIT monitoring/controllers/despesa.py: 0
[2019-10-25 01:50:55] EDIT monitoring/views/despesa/listar_desp_local.html: 17
[2019-10-25 01:51:29] EDIT monitoring/views/despesa/listar_desp_local.html: 0
[2019-10-25 01:51:41] EDIT monitoring/views/despesa/listar_desp_local.html: 0
[2019-10-25 01:51:44] EDIT monitoring/views/despesa/listar_desp_local.html: 0
[2019-10-25 01:52:50] EDIT monitoring/views/despesa/listar_desp_local.html: 1
[2019-10-25 01:55:24] EDIT monitoring/controllers/despesa.py: 18
[2019-10-25 01:55:44] EDIT monitoring/controllers/despesa.py: 0
[2019-10-25 01:56:16] CREATE despesa/inserir_desp_local.html: 0
[2019-10-25 01:56:43] EDIT monitoring/views/despesa/inserir_desp_local.html: 15
[2019-10-25 01:57:25] EDIT monitoring/models/tables.py: 0
[2019-10-25 01:58:02] EDIT monitoring/controllers/despesa.py: 0
[2019-10-25 01:58:26] EDIT monitoring/controllers/despesa.py: 0
[2019-10-25 01:59:01] EDIT monitoring/controllers/despesa.py: 0
[2019-10-25 01:59:41] EDIT monitoring/models/tables.py: 0
[2019-10-25 02:02:09] EDIT monitoring/controllers/despesa.py: 15
[2019-10-25 02:02:25] EDIT monitoring/controllers/despesa.py: 0
[2019-10-25 02:02:47] CREATE despesa/alterar_desp_local.html: 0
[2019-10-25 02:03:41] EDIT monitoring/views/despesa/alterar_desp_local.html: 0
[2019-10-25 02:04:58] EDIT monitoring/models/tables.py: 0
[2019-10-25 02:06:56] EDIT monitoring/controllers/despesa.py: 0
[2019-10-25 02:08:49] CREATE despesa/listar_desp_venda.html: 0
[2019-10-25 02:09:17] EDIT monitoring/views/despesa/listar_desp_venda.html: 38
[2019-10-25 02:11:39] EDIT monitoring/controllers/despesa.py: 0
[2019-10-25 02:17:52] EDIT monitoring/controllers/despesa.py: 0
[2019-10-25 02:18:39] EDIT monitoring/views/despesa/listar_desp_venda.html: 0
[2019-10-25 02:18:48] EDIT monitoring/views/despesa/listar_desp_venda.html: 0
[2019-10-25 02:21:21] EDIT monitoring/controllers/despesa.py: 0
[2019-10-25 02:22:25] EDIT monitoring/controllers/despesa.py: 0
[2019-10-25 02:23:01] CREATE despesa/inserir_desp_venda.html: 0
[2019-10-25 02:23:42] EDIT monitoring/views/despesa/inserir_desp_venda.html: 15
[2019-10-25 02:25:00] CREATE despesa/alterar_desp_venda.html: 0
[2019-10-25 02:25:19] EDIT monitoring/views/despesa/alterar_desp_venda.html: 0
[2019-10-25 02:25:32] CREATE despesa/alterar_desp_cobranca.html: 0
[2019-10-25 02:25:50] EDIT monitoring/views/despesa/alterar_desp_cobranca.html: 0
[2019-10-25 02:26:12] EDIT monitoring/controllers/despesa.py: 0
[2019-10-25 02:27:03] EDIT monitoring/controllers/despesa.py: 33
[2019-10-25 02:30:02] CREATE despesa/listar_desp_cobranca.html: 0
[2019-10-25 02:30:49] EDIT monitoring/views/despesa/listar_desp_cobranca.html: 38
[2019-10-25 02:32:26] CREATE despesa/inserir_desp_cobranca.html: 0
[2019-10-25 02:32:53] EDIT monitoring/views/despesa/inserir_desp_cobranca.html: 15
[2019-10-25 02:37:14] CREATE deposito.py: 0
[2019-10-25 02:39:05] EDIT monitoring/controllers/deposito.py: 3
[2019-10-25 02:42:31] EDIT monitoring/views/projeto/acesso_geral_projeto.html: 0
[2019-10-25 02:43:46] CREATE deposito/listar_depositos.html: 0
[2019-10-25 02:47:43] EDIT monitoring/views/despesa/listar_desp_local.html: 0
[2019-10-25 02:48:12] EDIT monitoring/views/deposito/listar_depositos.html: 38
[2019-10-25 02:50:21] EDIT monitoring/controllers/deposito.py: 0
[2019-10-25 02:51:51] EDIT monitoring/controllers/deposito.py: 0
[2019-10-25 02:52:26] CREATE deposito/inserir_deposito.html: 0
[2019-10-25 02:53:27] EDIT monitoring/views/deposito/inserir_deposito.html: 15
[2019-10-25 02:54:50] EDIT monitoring/models/tables.py: 0
[2019-10-25 02:56:23] EDIT monitoring/controllers/deposito.py: 0
[2019-10-25 02:57:41] EDIT monitoring/views/deposito/listar_depositos.html: 0
[2019-10-25 02:58:39] EDIT monitoring/controllers/deposito.py: 0
[2019-10-25 02:59:23] CREATE deposito/alterar_deposito.html: 0
[2019-10-25 03:00:41] EDIT monitoring/views/deposito/alterar_deposito.html: 0
[2019-10-25 03:11:15] EDIT monitoring/views/default/index.html: 0
[2019-10-25 03:14:40] EDIT monitoring/views/default/index.html: 1
[2019-10-25 03:38:17] EDIT monitoring/views/default/index.html: 2
[2019-10-25 03:39:15] EDIT monitoring/views/default/index.html: -2
[2019-10-25 19:00:00] EDIT monitoring/views/mercadoria/listar_merc_envio.html: 0
[2019-10-25 19:02:31] EDIT monitoring/views/mercadoria/listar_merc_envio.html: 0
[2019-10-25 19:23:09] EDIT monitoring/views/mercadoria/listar_merc_envio.html: 1
[2019-10-25 19:25:40] EDIT monitoring/views/mercadoria/listar_merc_envio.html: 0
[2019-10-25 19:28:34] EDIT monitoring/views/mercadoria/listar_merc_envio.html: 0
[2019-10-25 19:30:58] EDIT monitoring/views/mercadoria/listar_merc_envio.html: 0
[2019-10-25 19:31:14] EDIT monitoring/controllers/projeto.py: 0
[2019-10-25 19:32:01] EDIT monitoring/controllers/projeto.py: 1
[2019-10-25 19:32:39] EDIT monitoring/views/projeto/acesso_geral_projeto.html: 0
[2019-10-25 19:33:08] EDIT monitoring/views/projeto/acesso_geral_projeto.html: 0
[2019-10-25 19:33:30] EDIT monitoring/controllers/projeto.py: 4
[2019-10-25 19:33:41] EDIT monitoring/controllers/projeto.py: 0
[2019-10-25 19:33:54] EDIT monitoring/controllers/projeto.py: 0
[2019-10-25 19:34:51] EDIT monitoring/views/projeto/acesso_geral_projeto.html: 0
[2019-10-25 19:37:26] EDIT monitoring/controllers/projeto.py: 1
[2019-10-25 19:38:25] EDIT monitoring/views/projeto/prestacao_venda.html: 0
[2019-10-25 19:52:35] EDIT monitoring/controllers/mercadoria.py: 12
[2019-10-25 19:54:16] EDIT monitoring/controllers/mercadoria.py: 0
[2019-10-25 19:56:22] EDIT monitoring/controllers/mercadoria.py: 0
[2019-10-25 19:58:12] EDIT monitoring/controllers/mercadoria.py: 0
[2019-10-25 22:30:44] EDIT monitoring/views/mercadoria/listar_merc_envio.html: 1
[2019-10-25 22:32:08] EDIT monitoring/views/mercadoria/listar_merc_envio.html: 0
[2019-10-25 22:37:16] EDIT monitoring/views/mercadoria/listar_merc_envio.html: 1
[2019-10-25 22:40:20] EDIT monitoring/controllers/mercadoria.py: -12
[2019-10-25 22:40:53] EDIT monitoring/controllers/mercadoria.py: 0
[2019-10-25 22:43:28] EDIT monitoring/views/mercadoria/listar_merc_envio.html: 2
[2019-10-25 22:44:29] EDIT monitoring/views/projeto/prestacao_venda.html: 0
[2019-10-25 22:46:19] EDIT monitoring/views/projeto/prestacao_venda.html: 3
[2019-10-25 22:46:51] EDIT monitoring/views/projeto/prestacao_venda.html: 0
[2019-10-25 22:47:18] EDIT monitoring/views/projeto/prestacao_venda.html: 1
[2019-10-25 22:51:07] EDIT monitoring/views/mercadoria/listar_merc_retorno.html: 0
[2019-10-25 22:54:23] EDIT monitoring/views/mercadoria/listar_merc_retorno.html: 7
[2019-10-25 22:55:51] EDIT monitoring/views/mercadoria/listar_merc_retorno.html: 1
[2019-10-25 22:56:11] EDIT monitoring/views/mercadoria/listar_merc_retorno.html: 0
[2019-10-25 22:56:15] EDIT monitoring/views/mercadoria/listar_merc_retorno.html: 0
[2019-10-25 22:57:19] EDIT monitoring/views/mercadoria/listar_merc_retorno.html: 0
[2019-10-25 22:57:50] EDIT monitoring/views/mercadoria/listar_merc_retorno.html: 0
[2019-10-25 22:58:50] EDIT monitoring/views/mercadoria/listar_merc_retorno.html: 0
[2019-10-25 23:07:42] EDIT monitoring/views/mercadoria/listar_merc_retorno.html: 0
[2019-10-25 23:12:15] EDIT monitoring/views/mercadoria/listar_merc_retorno.html: 0
[2019-10-25 23:12:45] EDIT monitoring/views/mercadoria/listar_merc_retorno.html: 0
[2019-10-25 23:14:20] EDIT monitoring/views/mercadoria/listar_merc_retorno.html: -1
[2019-10-25 23:16:14] EDIT monitoring/views/mercadoria/listar_merc_retorno.html: 1
[2019-10-25 23:19:11] EDIT monitoring/views/mercadoria/listar_merc_retorno.html: 0
[2019-10-25 23:21:22] EDIT monitoring/views/projeto/prestacao_venda.html: 0
[2019-10-26 00:16:00] EDIT monitoring/views/equipe/listar_vendedor.html: 2
[2019-10-26 00:18:22] EDIT monitoring/models/tables.py: 0
[2019-10-26 00:19:55] EDIT monitoring/views/equipe/listar_venda.html: 8
[2019-10-26 00:20:52] EDIT monitoring/views/projeto/prestacao_venda.html: 0
[2019-10-26 00:21:23] EDIT monitoring/views/projeto/prestacao_venda.html: 0
[2019-10-26 00:22:25] EDIT monitoring/views/projeto/prestacao_venda.html: 1
[2019-10-26 00:22:52] EDIT monitoring/views/projeto/prestacao_venda.html: 1
[2019-10-26 00:24:42] EDIT monitoring/views/projeto/prestacao_venda.html: 0
[2019-10-26 00:25:00] EDIT monitoring/views/projeto/prestacao_venda.html: 0
[2019-10-26 00:27:39] EDIT monitoring/views/projeto/prestacao_venda.html: -1
[2019-10-26 00:28:53] EDIT monitoring/views/projeto/prestacao_venda.html: 1
[2019-10-26 00:33:20] EDIT monitoring/views/projeto/prestacao_venda.html: 4
[2019-10-26 00:34:20] EDIT monitoring/views/projeto/prestacao_venda.html: 0
[2019-10-26 00:50:06] EDIT monitoring/views/projeto/prestacao_venda.html: 0
[2019-10-26 00:51:54] EDIT monitoring/views/projeto/prestacao_venda.html: 0
[2019-10-26 16:47:38] EDIT monitoring/models/tables.py: 0
[2019-10-26 16:47:51] EDIT monitoring/models/tables.py: 0
[2019-10-26 16:50:34] EDIT monitoring/views/projeto/listar_projetos.html: -11
[2019-10-26 17:41:49] EDIT monitoring/views/mercadoria/listar_merc_retorno.html: 0
[2019-10-26 17:41:55] EDIT monitoring/models/tables.py: 0
[2019-10-26 17:43:54] EDIT monitoring/views/mercadoria/listar_merc_envio.html: -1
[2019-10-26 17:53:49] EDIT monitoring/views/despesa/listar_desp_venda.html: 2
[2019-10-26 17:58:44] EDIT monitoring/views/projeto/prestacao_venda.html: 0
[2019-10-26 18:00:20] EDIT monitoring/views/projeto/prestacao_venda.html: 0
[2019-10-26 18:09:14] EDIT monitoring/controllers/equipe.py: 4
[2019-10-26 18:09:50] CREATE equipe/listar_func_venda.html: 0
[2019-10-26 18:10:46] EDIT monitoring/views/equipe/listar_vendedor.html: 0
[2019-10-26 18:11:07] EDIT monitoring/views/equipe/listar_vendedor.html: 0
[2019-10-26 18:18:11] EDIT monitoring/views/equipe/listar_func_venda.html: 48
[2019-10-26 18:20:13] EDIT monitoring/controllers/equipe.py: 15
[2019-10-26 18:20:43] CREATE equipe/inserir_funcionario.html: 0
[2019-10-26 18:21:02] EDIT monitoring/views/equipe/inserir_funcionario.html: 0
[2019-10-26 18:21:42] EDIT monitoring/models/tables.py: 0
[2019-10-26 18:22:07] EDIT monitoring/models/tables.py: 0
[2019-10-26 18:29:43] EDIT monitoring/views/equipe/listar_func_venda.html: 1
[2019-10-26 18:33:48] EDIT monitoring/views/projeto/prestacao_venda.html: 0
[2019-10-26 18:35:52] EDIT monitoring/controllers/equipe.py: 16
[2019-10-26 18:36:25] CREATE equipe/alterar_funcionaro.html: 0
[2019-10-26 18:36:42] EDIT monitoring/views/equipe/alterar_funcionaro.html: 0
[2019-10-26 18:41:06] EDIT monitoring/views/equipe/listar_func_venda.html: 0
[2019-10-26 18:44:23] EDIT monitoring/views/projeto/prestacao_venda.html: 1
[2019-10-26 18:47:46] EDIT monitoring/views/projeto/prestacao_venda.html: 0
[2019-10-26 18:49:39] EDIT monitoring/views/projeto/prestacao_venda.html: 0
[2019-10-26 18:50:12] EDIT monitoring/views/projeto/prestacao_venda.html: 0
[2019-10-26 18:50:31] EDIT monitoring/views/projeto/prestacao_venda.html: 0
[2019-10-26 18:51:05] EDIT monitoring/views/projeto/prestacao_venda.html: 0
[2019-10-26 18:54:39] EDIT monitoring/views/projeto/prestacao_venda.html: 1
[2019-10-26 18:56:05] EDIT monitoring/views/mercadoria/listar_merc_devolucao.html: 0
[2019-10-26 18:56:17] EDIT monitoring/views/mercadoria/listar_merc_envio.html: 0
[2019-10-26 18:56:28] EDIT monitoring/views/mercadoria/listar_merc_retorno.html: 0
[2019-10-26 18:57:09] EDIT monitoring/controllers/mercadoria.py: 0
[2019-10-26 18:57:49] EDIT monitoring/views/mercadoria/listar_merc_retorno.html: 0
[2019-10-26 18:58:49] EDIT monitoring/views/mercadoria/listar_merc_envio.html: 0
[2019-10-26 19:00:14] EDIT monitoring/views/mercadoria/listar_merc_devolucao.html: 0
[2019-10-26 19:00:27] EDIT monitoring/views/mercadoria/listar_merc_devolucao.html: 0
[2019-10-26 19:00:41] EDIT monitoring/views/mercadoria/listar_merc_envio.html: 0
[2019-10-26 19:00:46] EDIT monitoring/views/mercadoria/listar_merc_retorno.html: 0
[2019-10-26 19:04:40] EDIT monitoring/views/projeto/acesso_geral_projeto.html: 0
[2019-10-26 19:05:43] EDIT monitoring/views/projeto/acesso_geral_projeto.html: 0
[2019-10-26 19:22:57] EDIT monitoring/views/projeto/acesso_geral_projeto.html: 6
[2019-10-27 01:24:29] EDIT monitoring/views/projeto/prestacao_venda.html: 0
[2019-10-27 01:25:07] EDIT monitoring/views/projeto/prestacao_venda.html: 0
[2019-10-27 01:27:22] CREATE projeto/investimento.html: 0
[2019-10-27 01:49:03] EDIT monitoring/views/projeto/investimento.html: 58
[2019-10-27 01:50:23] EDIT monitoring/views/projeto/investimento.html: -2
[2019-10-27 01:52:03] EDIT monitoring/views/projeto/investimento.html: 15
[2019-10-27 01:52:33] EDIT monitoring/controllers/projeto.py: 1
[2019-10-27 01:53:21] EDIT monitoring/views/projeto/investimento.html: 1
[2019-10-27 01:54:39] EDIT monitoring/views/projeto/investimento.html: 4
[2019-10-27 02:02:24] EDIT monitoring/views/projeto/acesso_geral_projeto.html: -28
[2019-10-27 02:02:41] EDIT monitoring/views/default/index.html: -24
[2019-10-27 02:04:43] EDIT monitoring/views/default/index.html: 9
[2019-10-27 02:05:43] EDIT monitoring/views/default/index.html: 0
[2019-10-27 02:09:14] EDIT monitoring/views/projeto/listar_projetos.html: 12
[2019-10-27 02:11:04] EDIT monitoring/views/projeto/listar_projetos.html: 0
[2019-10-27 02:11:05] EDIT monitoring/views/projeto/listar_projetos.html: -2
[2019-10-27 02:13:39] EDIT monitoring/views/projeto/criar_projeto.html: -2
[2019-10-27 02:14:08] EDIT monitoring/views/projeto/criar_projeto.html: 1
[2019-10-27 02:15:32] EDIT monitoring/views/projeto/alterar_projeto.html: -1
[2019-10-27 02:16:46] EDIT monitoring/controllers/projeto.py: 2
[2019-10-27 02:18:21] EDIT monitoring/views/projeto/listar_projetos.html: 0
[2019-10-27 02:34:05] EDIT monitoring/views/projeto/investimento.html: 0
[2019-10-27 02:35:53] EDIT monitoring/views/projeto/investimento.html: 0
[2019-10-27 02:39:02] EDIT monitoring/views/projeto/investimento.html: 0
[2019-10-27 02:39:06] EDIT monitoring/views/projeto/investimento.html: 0
[2019-10-27 02:39:50] EDIT monitoring/views/projeto/investimento.html: 0
[2019-10-27 02:41:41] EDIT monitoring/views/projeto/investimento.html: 0
[2019-10-27 02:43:16] EDIT monitoring/views/projeto/investimento.html: 0
[2019-10-27 02:45:39] EDIT monitoring/views/projeto/investimento.html: 0
[2019-10-27 02:45:58] EDIT monitoring/views/projeto/investimento.html: 0
[2019-10-27 02:46:05] EDIT monitoring/views/projeto/investimento.html: 0
[2019-10-27 02:48:48] EDIT monitoring/views/projeto/investimento.html: 0
[2019-10-27 02:49:39] EDIT monitoring/views/projeto/investimento.html: 0
[2019-10-27 02:51:27] EDIT monitoring/views/projeto/investimento.html: 0
[2019-10-27 02:53:03] EDIT monitoring/views/projeto/investimento.html: -2
[2019-10-27 02:53:23] EDIT monitoring/views/projeto/investimento.html: 0
[2019-10-27 02:54:17] EDIT monitoring/models/tables.py: 0
[2019-10-27 02:54:21] EDIT monitoring/views/projeto/investimento.html: 0
[2019-10-27 02:54:38] EDIT monitoring/views/projeto/investimento.html: 2
[2019-10-27 02:54:58] EDIT monitoring/views/projeto/investimento.html: 0
[2019-10-27 02:55:13] EDIT monitoring/views/projeto/investimento.html: 0
[2019-10-27 02:57:20] EDIT monitoring/views/projeto/investimento.html: -30
[2019-10-27 02:57:35] EDIT monitoring/views/projeto/investimento.html: 30
[2019-10-27 02:58:52] EDIT monitoring/models/tables.py: 0
[2019-10-27 03:01:10] EDIT monitoring/views/projeto/investimento.html: 0
[2019-10-27 03:01:58] EDIT monitoring/views/projeto/investimento.html: 0
[2019-10-27 03:03:04] EDIT monitoring/views/projeto/investimento.html: 0
[2019-10-27 03:04:01] EDIT monitoring/models/tables.py: 0
[2019-10-27 03:05:10] EDIT monitoring/models/tables.py: 0
[2019-10-27 03:05:33] EDIT monitoring/models/tables.py: 0
[2019-10-27 03:06:13] EDIT monitoring/models/tables.py: 0
[2019-10-27 03:06:28] EDIT monitoring/models/tables.py: 0
[2019-10-27 03:07:08] EDIT monitoring/models/tables.py: 0
[2019-10-27 03:12:07] EDIT monitoring/models/tables.py: 0
[2019-10-27 03:12:19] EDIT monitoring/models/tables.py: 0
[2019-10-27 03:12:27] EDIT monitoring/models/tables.py: 0
[2019-10-27 03:13:08] EDIT monitoring/views/projeto/investimento.html: 0
[2019-10-27 03:56:12] EDIT monitoring/models/db.py: 0
[2019-10-27 04:22:16] EDIT monitoring/models/db.py: 0
[2019-10-27 04:22:33] EDIT monitoring/models/db.py: 0
[2019-10-27 04:24:06] EDIT monitoring/models/db.py: 1
[2019-10-27 04:27:00] EDIT monitoring/models/tables.py: 0
[2019-10-27 04:27:34] EDIT monitoring/models/tables.py: -55
[2019-10-27 04:28:01] EDIT monitoring/models/tables.py: -4
[2019-10-27 04:28:29] EDIT monitoring/models/tables.py: 59
[2019-10-27 04:29:11] EDIT monitoring/models/tables.py: 0
[2019-10-27 04:29:33] EDIT monitoring/models/db.py: 109
[2019-10-27 04:30:11] EDIT monitoring/models/db.py: -109
[2019-10-27 04:30:26] EDIT monitoring/models/tables.py: 0
