[2019-10-13 01:49:35] START
[2019-10-18 21:15:07] EDIT Loja/models/menu.py: -94
[2019-10-18 21:15:46] EDIT Loja/views/layout.html: -3
[2019-10-18 21:35:03] EDIT Loja/views/default/index.html: -34
[2019-10-18 21:35:37] EDIT Loja/views/default/index.html: 50
[2019-10-18 21:37:01] EDIT Loja/views/default/index.html: -1
[2019-10-18 21:37:21] UPLOAD /home/rogoberto/web2py/applications/Loja/static/images/1.jpg: 169
[2019-10-18 21:37:26] EDIT Loja/views/default/index.html: 0
[2019-10-18 21:37:39] EDIT Loja/views/default/index.html: 0
[2019-10-18 21:38:58] EDIT Loja/views/default/index.html: -1
[2019-10-18 21:39:23] EDIT Loja/views/default/index.html: -1
[2019-10-18 21:39:32] EDIT Loja/views/default/index.html: 0
[2019-10-18 21:40:10] UPLOAD /home/rogoberto/web2py/applications/Loja/static/images/2.jpg: 168
[2019-10-18 21:40:26] UPLOAD /home/rogoberto/web2py/applications/Loja/static/images/3.jpg: 126
[2019-10-18 21:41:17] EDIT Loja/views/default/index.html: 0
[2019-10-18 21:41:37] EDIT Loja/views/default/index.html: 0
[2019-10-18 21:42:11] EDIT Loja/views/default/index.html: 0
[2019-10-18 21:43:03] EDIT Loja/views/default/index.html: 0
[2019-10-18 21:43:41] EDIT Loja/views/default/index.html: 0
[2019-10-18 21:43:55] EDIT Loja/views/default/index.html: 0
[2019-10-18 21:44:20] EDIT Loja/views/default/index.html: 0
[2019-10-18 21:44:41] EDIT Loja/views/default/index.html: 0
[2019-10-18 21:45:08] EDIT Loja/views/default/index.html: 0
[2019-10-18 21:45:18] EDIT Loja/views/default/index.html: 0
[2019-10-18 21:46:02] EDIT Loja/views/default/index.html: 0
[2019-10-18 21:46:54] EDIT Loja/views/default/index.html: 0
[2019-10-18 21:47:36] EDIT Loja/views/default/index.html: 0
[2019-10-18 21:51:17] EDIT Loja/views/default/index.html: -2
[2019-10-18 21:55:22] EDIT Loja/views/default/index.html: 0
[2019-10-18 22:02:16] EDIT Loja/views/default/index.html: -2
[2019-10-18 22:02:23] EDIT Loja/views/default/index.html: 0
[2019-10-18 22:04:09] EDIT Loja/views/default/index.html: -1
[2019-10-18 22:05:05] EDIT Loja/views/default/index.html: 0
[2019-10-18 22:06:28] EDIT Loja/views/layout.html: 0
[2019-10-18 22:07:15] EDIT Loja/views/layout.html: 0
[2019-10-18 22:09:12] EDIT Loja/controllers/default.py: -1
