[2019-10-19 02:02:25] START
[2019-10-19 02:02:48] EDIT mmn/views/default/index.html: -37
[2019-10-19 02:06:28] EDIT mmn/controllers/default.py: 5
[2019-10-19 02:11:04] EDIT mmn/models/db.py: 5
[2019-10-19 02:11:47] CREATE contact.py: 0
[2019-10-19 02:12:18] EDIT mmn/controllers/default.py: -6
[2019-10-19 02:12:22] EDIT mmn/controllers/contact.py: 5
[2019-10-19 02:15:19] EDIT mmn/controllers/contact.py: 2
[2019-10-19 02:15:47] EDIT mmn/controllers/contact.py: 2
[2019-10-19 02:16:01] EDIT mmn/controllers/contact.py: 0
[2019-10-19 02:17:13] EDIT mmn/models/db.py: 0
[2019-10-19 02:19:36] EDIT mmn/views/layout.html: -3
[2019-10-19 02:19:59] EDIT mmn/models/menu.py: -94
[2019-10-19 02:24:31] EDIT mmn/views/default/index.html: 1
[2019-10-19 02:25:30] EDIT mmn/controllers/default.py: 0
[2019-10-19 02:25:53] CREATE contact/show_contact.html: 0
[2019-10-19 02:29:53] EDIT mmn/views/contact/show_contact.html: 31
[2019-10-19 02:31:42] EDIT mmn/views/contact/show_contact.html: -4
[2019-10-19 02:32:19] EDIT mmn/views/contact/show_contact.html: -10
[2019-10-19 02:32:47] CREATE contact/create_contact.html: 0
[2019-10-19 02:37:48] EDIT mmn/controllers/contact.py: 8
[2019-10-19 02:38:21] EDIT mmn/controllers/contact.py: 0
[2019-10-19 02:39:20] CREATE contact/change_contact.html: 0
[2019-10-19 02:41:18] EDIT mmn/controllers/contact.py: 9
[2019-10-19 02:41:48] EDIT mmn/controllers/contact.py: 0
[2019-10-19 02:42:52] EDIT mmn/models/db.py: 1
[2019-10-19 02:45:42] EDIT mmn/views/default/index.html: 0
[2019-10-19 02:46:06] EDIT mmn/views/default/index.html: 0
[2019-10-19 02:46:18] EDIT mmn/views/default/index.html: 0
[2019-10-19 02:47:02] EDIT mmn/controllers/contact.py: -1
[2019-10-19 02:47:21] EDIT mmn/views/default/index.html: 0
[2019-10-19 02:50:15] EDIT mmn/controllers/contact.py: 0
[2019-10-19 02:52:36] EDIT mmn/views/contact/create_contact.html: 0
[2019-10-19 02:54:04] EDIT mmn/views/contact/change_contact.html: 0
[2019-10-19 02:54:26] EDIT mmn/views/contact/change_contact.html: 0
[2019-10-19 02:54:31] EDIT mmn/views/contact/create_contact.html: 0
[2019-10-19 03:06:16] EDIT mmn/models/db.py: 0
[2019-10-19 03:10:33] EDIT mmn/models/db.py: 0
[2019-10-19 03:11:14] EDIT mmn/models/db.py: 0
[2019-10-19 03:13:14] EDIT mmn/models/db.py: 0
[2019-10-19 03:13:53] EDIT mmn/models/db.py: 0
[2019-10-19 03:14:10] EDIT mmn/models/db.py: 0
[2019-10-19 05:22:54] EDIT mmn/views/contact/show_contact.html: 0
[2019-10-19 05:23:26] EDIT mmn/views/contact/show_contact.html: 0
[2019-10-19 08:33:53] EDIT mmn/models/db.py: 0
[2019-10-19 08:42:06] EDIT mmn/views/layout.html: 0
